2018-03-06T22:19:04.421448: Starting Elasticsearch ingestion...
2018-03-06T22:19:06.027849: Ingestion complete
2018-03-06T22:19:29.237838: Starting Elasticsearch ingestion...
2018-03-06T22:19:29.671006: Ingestion complete
2018-03-06T22:20:02.340015: Starting Elasticsearch ingestion...
2018-03-06T22:20:02.805641: Ingestion complete
2018-03-06T22:21:19.929337: Starting Elasticsearch ingestion...
2018-03-06T22:21:20.395214: Ingestion complete
2018-03-06T22:21:43.102069: Starting Elasticsearch ingestion...
2018-03-06T22:21:43.546907: Ingestion complete
2018-03-06T22:22:06.629480: Starting Elasticsearch ingestion...
2018-03-06T22:22:07.072506: Ingestion complete
2018-03-06T22:28:43.358462: Starting Elasticsearch ingestion...
2018-03-06T22:29:13.155267: Starting Elasticsearch ingestion...
2018-03-06T22:30:47.039319: Starting Elasticsearch ingestion...
2018-03-06T22:30:47.515856: Ingestion complete
2018-03-06T22:31:11.226234: Starting Elasticsearch ingestion...
2018-03-06T22:33:19.556218: Starting Elasticsearch ingestion...
2018-03-06T22:35:18.043204: Starting Elasticsearch ingestion...
2018-03-06T22:37:43.419172: Starting Elasticsearch ingestion...
2018-03-06T22:39:11.535567: Unknown string format
2018-03-06T22:39:11.535652: Unknown string format
2018-03-06T22:39:11.535686: Unknown string format
2018-03-06T22:39:11.539517: Ingestion complete
2018-03-06T22:41:21.448225: Starting Elasticsearch ingestion...
2018-03-06T22:42:50.633258: Ingestion complete
2018-03-06T22:46:20.710514: Starting Elasticsearch ingestion...
2018-03-06T22:47:49.979335: Ingestion complete
2018-03-06T22:51:11.031812: Starting Elasticsearch ingestion...
2018-03-06T22:51:48.557755: Ingestion complete
2018-03-06T22:54:30.767403: Starting Elasticsearch ingestion...
2018-03-06T22:55:16.290266: Ingestion complete
2018-03-06T22:59:07.396301: Starting Elasticsearch ingestion...
2018-03-06T22:59:18.917478: Starting Elasticsearch ingestion...
2018-03-06T22:59:35.769415: Ingestion complete
2018-03-06T23:00:32.892773: Starting Elasticsearch ingestion...
2018-03-06T23:00:49.639312: Ingestion complete
2018-03-06T23:01:18.788045: Starting Elasticsearch ingestion...
2018-03-06T23:01:36.554923: Ingestion complete
2018-03-06T23:01:53.172063: Starting Elasticsearch ingestion...
2018-03-06T23:02:10.230598: Ingestion complete
2018-03-06T23:21:03.692151: Starting Elasticsearch ingestion...
2018-03-06T23:28:40.771565: Starting Elasticsearch ingestion...
2018-03-06T23:30:11.400294: Success/failure: (22, 0)
2018-03-06T23:30:11.400424: Success/failure: (22, 0)
2018-03-06T23:30:11.400444: Success/failure: (22, 0)
2018-03-06T23:30:11.400452: Success/failure: (22, 0)
2018-03-06T23:30:11.400459: Success/failure: (22, 0)
2018-03-06T23:30:11.400467: Success/failure: (22, 0)
2018-03-06T23:30:11.400474: Success/failure: (22, 0)
2018-03-06T23:30:11.400481: Success/failure: (22, 0)
2018-03-06T23:30:11.400488: Success/failure: (22, 0)
2018-03-06T23:30:11.400505: Success/failure: (22, 0)
2018-03-06T23:30:11.400512: Success/failure: (22, 0)
2018-03-06T23:30:11.400519: Success/failure: (22, 0)
2018-03-06T23:30:11.400526: Success/failure: (22, 0)
2018-03-06T23:30:11.400543: Success/failure: (22, 0)
2018-03-06T23:30:11.400550: Success/failure: (22, 0)
2018-03-06T23:30:11.400558: Success/failure: (22, 0)
2018-03-06T23:30:11.400565: Success/failure: (22, 0)
2018-03-06T23:30:11.400573: Success/failure: (22, 0)
2018-03-06T23:30:11.400589: Success/failure: (22, 0)
2018-03-06T23:30:11.400596: Success/failure: (22, 0)
2018-03-06T23:30:11.400603: Success/failure: (22, 0)
2018-03-06T23:30:11.400610: Success/failure: (22, 0)
2018-03-06T23:30:11.400629: Success/failure: (22, 0)
2018-03-06T23:30:11.400636: Success/failure: (22, 0)
2018-03-06T23:30:11.400644: Success/failure: (22, 0)
2018-03-06T23:30:11.400651: Success/failure: (22, 0)
2018-03-06T23:30:11.400668: Success/failure: (22, 0)
2018-03-06T23:30:11.400675: Success/failure: (22, 0)
2018-03-06T23:30:11.400682: Success/failure: (22, 0)
2018-03-06T23:30:11.400689: Success/failure: (22, 0)
2018-03-06T23:30:11.400696: Success/failure: (22, 0)
2018-03-06T23:30:11.400713: Success/failure: (22, 0)
2018-03-06T23:30:11.400720: Success/failure: (22, 0)
2018-03-06T23:30:11.400727: Success/failure: (22, 0)
2018-03-06T23:30:11.400734: Success/failure: (22, 0)
2018-03-06T23:30:11.400750: Success/failure: (22, 0)
2018-03-06T23:30:11.400758: Success/failure: (22, 0)
2018-03-06T23:30:11.400765: Success/failure: (22, 0)
2018-03-06T23:30:11.400774: Success/failure: (22, 0)
2018-03-06T23:30:11.400780: Success/failure: (22, 0)
2018-03-06T23:30:11.400787: Success/failure: (22, 0)
2018-03-06T23:30:11.400804: Success/failure: (22, 0)
2018-03-06T23:30:11.400811: Success/failure: (22, 0)
2018-03-06T23:30:11.400818: Success/failure: (22, 0)
2018-03-06T23:30:11.400827: Success/failure: (23, 0)
2018-03-06T23:30:11.400843: Success/failure: (23, 0)
2018-03-06T23:30:11.400850: Success/failure: (23, 0)
2018-03-06T23:30:11.400857: Success/failure: (23, 0)
2018-03-06T23:30:11.400864: Success/failure: (23, 0)
2018-03-06T23:30:11.400882: Success/failure: (23, 0)
2018-03-06T23:30:11.400889: Success/failure: (23, 0)
2018-03-06T23:30:11.400897: Success/failure: (23, 0)
2018-03-06T23:30:11.400904: Success/failure: (23, 0)
2018-03-06T23:30:11.400920: Success/failure: (23, 0)
2018-03-06T23:30:11.400927: Success/failure: (23, 0)
2018-03-06T23:30:11.400933: Success/failure: (23, 0)
2018-03-06T23:30:11.400940: Success/failure: (23, 0)
2018-03-06T23:30:11.400947: Success/failure: (23, 0)
2018-03-06T23:30:11.400954: Success/failure: (23, 0)
2018-03-06T23:30:11.400972: Success/failure: (23, 0)
2018-03-06T23:30:11.400979: Success/failure: (23, 0)
2018-03-06T23:30:11.400986: Success/failure: (23, 0)
2018-03-06T23:30:11.400994: Success/failure: (23, 0)
2018-03-06T23:30:11.401010: Success/failure: (23, 0)
2018-03-06T23:30:11.401017: Success/failure: (23, 0)
2018-03-06T23:30:11.401024: Success/failure: (23, 0)
2018-03-06T23:30:11.401041: Success/failure: (23, 0)
2018-03-06T23:30:11.401050: Success/failure: (23, 0)
2018-03-06T23:30:11.401057: Success/failure: (23, 0)
2018-03-06T23:30:11.401064: Success/failure: (23, 0)
2018-03-06T23:30:11.401071: Success/failure: (23, 0)
2018-03-06T23:30:11.401088: Success/failure: (23, 0)
2018-03-06T23:30:11.401095: Success/failure: (23, 0)
2018-03-06T23:30:11.401102: Success/failure: (23, 0)
2018-03-06T23:30:11.401108: Success/failure: (23, 0)
2018-03-06T23:30:11.401115: Success/failure: (23, 0)
2018-03-06T23:30:11.401133: Success/failure: (23, 0)
2018-03-06T23:30:11.401168: Success/failure: (23, 0)
2018-03-06T23:30:11.401176: Success/failure: (23, 0)
2018-03-06T23:30:11.401183: Success/failure: (23, 0)
2018-03-06T23:30:11.401200: Success/failure: (23, 0)
2018-03-06T23:30:11.401207: Success/failure: (23, 0)
2018-03-06T23:30:11.401214: Success/failure: (23, 0)
2018-03-06T23:30:11.401222: Success/failure: (23, 0)
2018-03-06T23:30:11.401229: Success/failure: (23, 0)
2018-03-06T23:30:11.401245: Success/failure: (23, 0)
2018-03-06T23:30:11.401251: Success/failure: (23, 0)
2018-03-06T23:30:11.401258: Success/failure: (23, 0)
2018-03-06T23:30:11.401265: Success/failure: (23, 0)
2018-03-06T23:30:11.401273: Success/failure: (23, 0)
2018-03-06T23:30:11.401292: Success/failure: (25, 0)
2018-03-06T23:30:11.401299: Success/failure: (25, 0)
2018-03-06T23:30:11.401307: Success/failure: (25, 0)
2018-03-06T23:30:11.401324: Success/failure: (25, 0)
2018-03-06T23:30:11.401331: Success/failure: (25, 0)
2018-03-06T23:30:11.401337: Success/failure: (25, 0)
2018-03-06T23:30:11.401344: Success/failure: (25, 0)
2018-03-06T23:30:11.401362: Success/failure: (25, 0)
2018-03-06T23:30:11.401369: Success/failure: (25, 0)
2018-03-06T23:30:11.401376: Success/failure: (25, 0)
2018-03-06T23:30:11.401383: Success/failure: (25, 0)
2018-03-06T23:30:11.401390: Success/failure: (25, 0)
2018-03-06T23:30:11.401406: Success/failure: (25, 0)
2018-03-06T23:30:11.401413: Success/failure: (25, 0)
2018-03-06T23:30:11.401420: Success/failure: (25, 0)
2018-03-06T23:30:11.401427: Success/failure: (25, 0)
2018-03-06T23:30:11.401433: Success/failure: (25, 0)
2018-03-06T23:30:11.401451: Success/failure: (25, 0)
2018-03-06T23:30:11.401458: Success/failure: (25, 0)
2018-03-06T23:30:11.401465: Success/failure: (25, 0)
2018-03-06T23:30:11.401472: Success/failure: (25, 0)
2018-03-06T23:30:11.401489: Success/failure: (25, 0)
2018-03-06T23:30:11.401495: Success/failure: (25, 0)
2018-03-06T23:30:11.401502: Success/failure: (25, 0)
2018-03-06T23:30:11.401519: Success/failure: (25, 0)
2018-03-06T23:30:11.401528: Success/failure: (25, 0)
2018-03-06T23:30:11.401535: Success/failure: (25, 0)
2018-03-06T23:30:11.401542: Success/failure: (25, 0)
2018-03-06T23:30:11.401558: Success/failure: (25, 0)
2018-03-06T23:30:11.401565: Success/failure: (25, 0)
2018-03-06T23:30:11.401572: Success/failure: (25, 0)
2018-03-06T23:30:11.401579: Success/failure: (25, 0)
2018-03-06T23:30:11.401585: Success/failure: (25, 0)
2018-03-06T23:30:11.401592: Success/failure: (25, 0)
2018-03-06T23:30:11.401609: Success/failure: (25, 0)
2018-03-06T23:30:11.401616: Success/failure: (25, 0)
2018-03-06T23:30:11.401623: Success/failure: (25, 0)
2018-03-06T23:30:11.401632: Success/failure: (25, 0)
2018-03-06T23:30:11.401648: Success/failure: (25, 0)
2018-03-06T23:30:11.401655: Success/failure: (25, 0)
2018-03-06T23:30:11.401662: Success/failure: (25, 0)
2018-03-06T23:30:11.401679: Success/failure: (25, 0)
2018-03-06T23:30:11.401686: Success/failure: (25, 0)
2018-03-06T23:30:11.401693: Success/failure: (25, 0)
2018-03-06T23:30:11.401700: Success/failure: (25, 0)
2018-03-06T23:30:11.401717: Success/failure: (25, 0)
2018-03-06T23:30:11.401723: Success/failure: (25, 0)
2018-03-06T23:30:11.401730: Success/failure: (25, 0)
2018-03-06T23:30:11.401737: Success/failure: (25, 0)
2018-03-06T23:30:11.401744: Success/failure: (25, 0)
2018-03-06T23:30:11.401752: Success/failure: (24, 0)
2018-03-06T23:30:11.401769: Success/failure: (24, 0)
2018-03-06T23:30:11.401776: Success/failure: (24, 0)
2018-03-06T23:30:11.401784: Success/failure: (24, 0)
2018-03-06T23:30:11.401800: Success/failure: (24, 0)
2018-03-06T23:30:11.401808: Success/failure: (24, 0)
2018-03-06T23:30:11.401815: Success/failure: (24, 0)
2018-03-06T23:30:11.401822: Success/failure: (24, 0)
2018-03-06T23:30:11.401829: Success/failure: (24, 0)
2018-03-06T23:30:11.401847: Success/failure: (24, 0)
2018-03-06T23:30:11.401854: Success/failure: (24, 0)
2018-03-06T23:30:11.401861: Success/failure: (24, 0)
2018-03-06T23:30:11.401868: Success/failure: (24, 0)
2018-03-06T23:30:11.401875: Success/failure: (24, 0)
2018-03-06T23:30:11.401899: Success/failure: (24, 0)
2018-03-06T23:30:11.401907: Success/failure: (24, 0)
2018-03-06T23:30:11.401913: Success/failure: (24, 0)
2018-03-06T23:30:11.401920: Success/failure: (24, 0)
2018-03-06T23:30:11.401937: Success/failure: (24, 0)
2018-03-06T23:30:11.401944: Success/failure: (24, 0)
2018-03-06T23:30:11.401951: Success/failure: (24, 0)
2018-03-06T23:30:11.401959: Success/failure: (24, 0)
2018-03-06T23:30:11.401975: Success/failure: (24, 0)
2018-03-06T23:30:11.401982: Success/failure: (24, 0)
2018-03-06T23:30:11.401990: Success/failure: (23, 0)
2018-03-06T23:30:11.401997: Success/failure: (23, 0)
2018-03-06T23:30:11.402014: Success/failure: (23, 0)
2018-03-06T23:30:11.402021: Success/failure: (23, 0)
2018-03-06T23:30:11.402029: Success/failure: (23, 0)
2018-03-06T23:30:11.402036: Success/failure: (23, 0)
2018-03-06T23:30:11.402052: Success/failure: (23, 0)
2018-03-06T23:30:11.402059: Success/failure: (23, 0)
2018-03-06T23:30:11.402065: Success/failure: (23, 0)
2018-03-06T23:30:11.402072: Success/failure: (23, 0)
2018-03-06T23:30:11.402080: Success/failure: (23, 0)
2018-03-06T23:30:11.402087: Success/failure: (23, 0)
2018-03-06T23:30:11.402104: Success/failure: (23, 0)
2018-03-06T23:30:11.402111: Success/failure: (23, 0)
2018-03-06T23:30:11.402119: Success/failure: (23, 0)
2018-03-06T23:30:11.402126: Success/failure: (23, 0)
2018-03-06T23:30:11.402143: Success/failure: (23, 0)
2018-03-06T23:30:11.402150: Success/failure: (23, 0)
2018-03-06T23:30:11.402156: Success/failure: (23, 0)
2018-03-06T23:30:11.402163: Success/failure: (23, 0)
2018-03-06T23:30:11.402181: Success/failure: (23, 0)
2018-03-06T23:30:11.402188: Success/failure: (23, 0)
2018-03-06T23:30:11.402195: Success/failure: (23, 0)
2018-03-06T23:30:11.405151: Ingestion complete
2018-03-06T23:34:59.156901: Starting Elasticsearch ingestion...
2018-03-06T23:34:59.156927: Start: 8
2018-03-06T23:34:59.156934: End: 16
2018-03-06T23:36:31.786018: Success/failure: (24, 0)
2018-03-06T23:36:31.786043: Success/failure: (24, 0)
2018-03-06T23:36:31.786051: Success/failure: (24, 0)
2018-03-06T23:36:31.786058: Success/failure: (24, 0)
2018-03-06T23:36:31.786065: Success/failure: (24, 0)
2018-03-06T23:36:31.786073: Success/failure: (24, 0)
2018-03-06T23:36:31.786079: Success/failure: (24, 0)
2018-03-06T23:36:31.786086: Success/failure: (24, 0)
2018-03-06T23:36:31.786093: Success/failure: (24, 0)
2018-03-06T23:36:31.786101: Success/failure: (24, 0)
2018-03-06T23:36:31.786107: Success/failure: (24, 0)
2018-03-06T23:36:31.786114: Success/failure: (24, 0)
2018-03-06T23:36:31.786121: Success/failure: (24, 0)
2018-03-06T23:36:31.786127: Success/failure: (24, 0)
2018-03-06T23:36:31.786134: Success/failure: (24, 0)
2018-03-06T23:36:31.786141: Success/failure: (24, 0)
2018-03-06T23:36:31.786148: Success/failure: (24, 0)
2018-03-06T23:36:31.786155: Success/failure: (24, 0)
2018-03-06T23:36:31.786162: Success/failure: (24, 0)
2018-03-06T23:36:31.786169: Success/failure: (24, 0)
2018-03-06T23:36:31.786175: Success/failure: (24, 0)
2018-03-06T23:36:31.786182: Success/failure: (24, 0)
2018-03-06T23:36:31.786189: Success/failure: (24, 0)
2018-03-06T23:36:31.786196: Success/failure: (24, 0)
2018-03-06T23:36:31.786205: Success/failure: (24, 0)
2018-03-06T23:36:31.786211: Success/failure: (24, 0)
2018-03-06T23:36:31.786221: Success/failure: (24, 0)
2018-03-06T23:36:31.786228: Success/failure: (24, 0)
2018-03-06T23:36:31.786235: Success/failure: (24, 0)
2018-03-06T23:36:31.786242: Success/failure: (24, 0)
2018-03-06T23:36:31.786249: Success/failure: (24, 0)
2018-03-06T23:36:31.786255: Success/failure: (24, 0)
2018-03-06T23:36:31.786262: Success/failure: (24, 0)
2018-03-06T23:36:31.786269: Success/failure: (24, 0)
2018-03-06T23:36:31.786276: Success/failure: (24, 0)
2018-03-06T23:36:31.786283: Success/failure: (24, 0)
2018-03-06T23:36:31.786293: Success/failure: (24, 0)
2018-03-06T23:36:31.786300: Success/failure: (24, 0)
2018-03-06T23:36:31.786307: Success/failure: (24, 0)
2018-03-06T23:36:31.792937: Success/failure: (24, 0)
2018-03-06T23:36:31.793001: Success/failure: (24, 0)
2018-03-06T23:36:31.793037: Success/failure: (24, 0)
2018-03-06T23:36:31.793069: Success/failure: (24, 0)
2018-03-06T23:36:31.793097: Success/failure: (24, 0)
2018-03-06T23:36:31.793125: Success/failure: (24, 0)
2018-03-06T23:36:31.793152: Success/failure: (24, 0)
2018-03-06T23:36:31.793187: Success/failure: (24, 0)
2018-03-06T23:36:31.793217: Success/failure: (24, 0)
2018-03-06T23:36:31.793243: Success/failure: (25, 0)
2018-03-06T23:36:31.793258: Success/failure: (25, 0)
2018-03-06T23:36:31.793273: Success/failure: (25, 0)
2018-03-06T23:36:31.793287: Success/failure: (25, 0)
2018-03-06T23:36:31.793302: Success/failure: (25, 0)
2018-03-06T23:36:31.793317: Success/failure: (25, 0)
2018-03-06T23:36:31.793332: Success/failure: (25, 0)
2018-03-06T23:36:31.793347: Success/failure: (25, 0)
2018-03-06T23:36:31.793361: Success/failure: (25, 0)
2018-03-06T23:36:31.793376: Success/failure: (25, 0)
2018-03-06T23:36:31.793391: Success/failure: (25, 0)
2018-03-06T23:36:31.793408: Success/failure: (25, 0)
2018-03-06T23:36:31.793423: Success/failure: (25, 0)
2018-03-06T23:36:31.793441: Success/failure: (25, 0)
2018-03-06T23:36:31.793456: Success/failure: (25, 0)
2018-03-06T23:36:31.793470: Success/failure: (25, 0)
2018-03-06T23:36:31.793485: Success/failure: (25, 0)
2018-03-06T23:36:31.793500: Success/failure: (25, 0)
2018-03-06T23:36:31.793514: Success/failure: (25, 0)
2018-03-06T23:36:31.793530: Success/failure: (25, 0)
2018-03-06T23:36:31.793545: Success/failure: (25, 0)
2018-03-06T23:36:31.793559: Success/failure: (25, 0)
2018-03-06T23:36:31.793574: Success/failure: (25, 0)
2018-03-06T23:36:31.793589: Success/failure: (25, 0)
2018-03-06T23:36:31.793604: Success/failure: (25, 0)
2018-03-06T23:36:31.793623: Success/failure: (23, 0)
2018-03-06T23:36:31.793637: Success/failure: (23, 0)
2018-03-06T23:36:31.793693: Success/failure: (23, 0)
2018-03-06T23:36:31.793709: Success/failure: (23, 0)
2018-03-06T23:36:31.793724: Success/failure: (23, 0)
2018-03-06T23:36:31.793739: Success/failure: (23, 0)
2018-03-06T23:36:31.793754: Success/failure: (23, 0)
2018-03-06T23:36:31.793769: Success/failure: (23, 0)
2018-03-06T23:36:31.793783: Success/failure: (23, 0)
2018-03-06T23:36:31.793798: Success/failure: (23, 0)
2018-03-06T23:36:31.793815: Success/failure: (23, 0)
2018-03-06T23:36:31.793830: Success/failure: (23, 0)
2018-03-06T23:36:31.793845: Success/failure: (23, 0)
2018-03-06T23:36:31.793859: Success/failure: (23, 0)
2018-03-06T23:36:31.793874: Success/failure: (23, 0)
2018-03-06T23:36:31.793888: Success/failure: (23, 0)
2018-03-06T23:36:31.793905: Success/failure: (23, 0)
2018-03-06T23:36:31.793920: Success/failure: (23, 0)
2018-03-06T23:36:31.793934: Success/failure: (23, 0)
2018-03-06T23:36:31.793949: Success/failure: (23, 0)
2018-03-06T23:36:31.793963: Success/failure: (23, 0)
2018-03-06T23:36:31.793978: Success/failure: (23, 0)
2018-03-06T23:36:31.793994: Success/failure: (23, 0)
2018-03-06T23:36:31.794011: Success/failure: (22, 0)
2018-03-06T23:36:31.794037: Success/failure: (22, 0)
2018-03-06T23:36:31.794051: Success/failure: (22, 0)
2018-03-06T23:36:31.794067: Success/failure: (22, 0)
2018-03-06T23:36:31.794082: Success/failure: (22, 0)
2018-03-06T23:36:31.794097: Success/failure: (22, 0)
2018-03-06T23:36:31.794112: Success/failure: (22, 0)
2018-03-06T23:36:31.794126: Success/failure: (22, 0)
2018-03-06T23:36:31.794141: Success/failure: (22, 0)
2018-03-06T23:36:31.794155: Success/failure: (22, 0)
2018-03-06T23:36:31.794169: Success/failure: (22, 0)
2018-03-06T23:36:31.794185: Success/failure: (22, 0)
2018-03-06T23:36:31.794200: Success/failure: (22, 0)
2018-03-06T23:36:31.794215: Success/failure: (22, 0)
2018-03-06T23:36:31.794229: Success/failure: (22, 0)
2018-03-06T23:36:31.794244: Success/failure: (22, 0)
2018-03-06T23:36:31.794259: Success/failure: (22, 0)
2018-03-06T23:36:31.794274: Success/failure: (22, 0)
2018-03-06T23:36:31.794289: Success/failure: (22, 0)
2018-03-06T23:36:31.794304: Success/failure: (22, 0)
2018-03-06T23:36:31.794319: Success/failure: (22, 0)
2018-03-06T23:36:31.794333: Success/failure: (22, 0)
2018-03-06T23:36:31.794352: Success/failure: (25, 0)
2018-03-06T23:36:31.794367: Success/failure: (25, 0)
2018-03-06T23:36:31.794381: Success/failure: (25, 0)
2018-03-06T23:36:31.794396: Success/failure: (25, 0)
2018-03-06T23:36:31.794410: Success/failure: (25, 0)
2018-03-06T23:36:31.794425: Success/failure: (25, 0)
2018-03-06T23:36:31.794440: Success/failure: (25, 0)
2018-03-06T23:36:31.794455: Success/failure: (25, 0)
2018-03-06T23:36:31.794470: Success/failure: (25, 0)
2018-03-06T23:36:31.794488: Success/failure: (25, 0)
2018-03-06T23:36:31.794503: Success/failure: (25, 0)
2018-03-06T23:36:31.794518: Success/failure: (25, 0)
2018-03-06T23:36:31.794533: Success/failure: (25, 0)
2018-03-06T23:36:31.794547: Success/failure: (25, 0)
2018-03-06T23:36:31.794562: Success/failure: (25, 0)
2018-03-06T23:36:31.794577: Success/failure: (25, 0)
2018-03-06T23:36:31.794592: Success/failure: (25, 0)
2018-03-06T23:36:31.794608: Success/failure: (25, 0)
2018-03-06T23:36:31.794623: Success/failure: (25, 0)
2018-03-06T23:36:31.794637: Success/failure: (25, 0)
2018-03-06T23:36:31.794652: Success/failure: (25, 0)
2018-03-06T23:36:31.794666: Success/failure: (25, 0)
2018-03-06T23:36:31.794681: Success/failure: (25, 0)
2018-03-06T23:36:31.794695: Success/failure: (25, 0)
2018-03-06T23:36:31.794710: Success/failure: (25, 0)
2018-03-06T23:36:31.794727: Success/failure: (25, 0)
2018-03-06T23:36:31.794742: Success/failure: (25, 0)
2018-03-06T23:36:31.794757: Success/failure: (25, 0)
2018-03-06T23:36:31.794771: Success/failure: (25, 0)
2018-03-06T23:36:31.794786: Success/failure: (25, 0)
2018-03-06T23:36:31.794801: Success/failure: (25, 0)
2018-03-06T23:36:31.794817: Success/failure: (25, 0)
2018-03-06T23:36:31.794832: Success/failure: (25, 0)
2018-03-06T23:36:31.794846: Success/failure: (25, 0)
2018-03-06T23:36:31.794879: Success/failure: (25, 0)
2018-03-06T23:36:31.794895: Success/failure: (25, 0)
2018-03-06T23:36:31.794910: Success/failure: (25, 0)
2018-03-06T23:36:31.794924: Success/failure: (25, 0)
2018-03-06T23:36:31.794939: Success/failure: (25, 0)
2018-03-06T23:36:31.794954: Success/failure: (25, 0)
2018-03-06T23:36:31.794968: Success/failure: (25, 0)
2018-03-06T23:36:31.794983: Success/failure: (25, 0)
2018-03-06T23:36:31.794998: Success/failure: (25, 0)
2018-03-06T23:36:31.795012: Success/failure: (25, 0)
2018-03-06T23:36:31.795027: Success/failure: (25, 0)
2018-03-06T23:36:31.795042: Success/failure: (25, 0)
2018-03-06T23:36:31.795057: Success/failure: (25, 0)
2018-03-06T23:36:31.795071: Success/failure: (25, 0)
2018-03-06T23:36:31.795086: Success/failure: (25, 0)
2018-03-06T23:36:31.795101: Success/failure: (25, 0)
2018-03-06T23:36:31.795118: Success/failure: (24, 0)
2018-03-06T23:36:31.795133: Success/failure: (24, 0)
2018-03-06T23:36:31.795148: Success/failure: (24, 0)
2018-03-06T23:36:31.795162: Success/failure: (24, 0)
2018-03-06T23:36:31.795177: Success/failure: (24, 0)
2018-03-06T23:36:31.795192: Success/failure: (24, 0)
2018-03-06T23:36:31.795208: Success/failure: (24, 0)
2018-03-06T23:36:31.795223: Success/failure: (24, 0)
2018-03-06T23:36:31.795237: Success/failure: (24, 0)
2018-03-06T23:36:31.795252: Success/failure: (24, 0)
2018-03-06T23:36:31.795275: Success/failure: (24, 0)
2018-03-06T23:36:31.795337: Success/failure: (24, 0)
2018-03-06T23:36:31.795374: Success/failure: (24, 0)
2018-03-06T23:36:31.795398: Success/failure: (24, 0)
2018-03-06T23:36:31.795427: Success/failure: (24, 0)
2018-03-06T23:36:31.795455: Success/failure: (24, 0)
2018-03-06T23:36:31.795473: Success/failure: (24, 0)
2018-03-06T23:36:31.795488: Success/failure: (24, 0)
2018-03-06T23:36:31.795503: Success/failure: (24, 0)
2018-03-06T23:36:31.795518: Success/failure: (24, 0)
2018-03-06T23:36:31.795532: Success/failure: (24, 0)
2018-03-06T23:36:31.795547: Success/failure: (24, 0)
2018-03-06T23:36:31.795562: Success/failure: (24, 0)
2018-03-06T23:36:31.795580: Success/failure: (24, 0)
2018-03-06T23:36:31.800829: Ingestion complete
2018-03-06T23:37:46.528299: Starting Elasticsearch ingestion...
2018-03-06T23:37:46.528326: Start: 16
2018-03-06T23:37:46.528333: End: 24
2018-03-06T23:39:19.354978: Success/failure: (25, 0)
2018-03-06T23:39:19.355104: Success/failure: (25, 0)
2018-03-06T23:39:19.355132: Success/failure: (22, 0)
2018-03-06T23:39:19.355152: Success/failure: (24, 0)
2018-03-06T23:39:19.355173: Success/failure: (24, 0)
2018-03-06T23:39:19.355194: Success/failure: (21, 0)
2018-03-06T23:39:19.355214: Success/failure: (25, 0)
2018-03-06T23:39:19.355235: Success/failure: (25, 0)
2018-03-06T23:39:19.359630: Ingestion complete
2018-03-06T23:41:05.551720: Starting Elasticsearch ingestion...
2018-03-06T23:41:05.551743: START_CHUNK: 24
2018-03-06T23:41:05.551750: END_CHUNK: 32
2018-03-06T23:42:32.284516: Success/failure: (24, 0)
2018-03-06T23:42:32.284639: Success/failure: (25, 0)
2018-03-06T23:42:32.284662: Success/failure: (23, 0)
2018-03-06T23:42:32.284683: Success/failure: (24, 0)
2018-03-06T23:42:32.284703: Success/failure: (24, 0)
2018-03-06T23:42:32.284724: Success/failure: (24, 0)
2018-03-06T23:42:32.284745: Success/failure: (24, 0)
2018-03-06T23:42:32.284765: Success/failure: (24, 0)
2018-03-06T23:42:32.288054: Ingestion complete
2018-03-06T23:46:50.941778: Starting Elasticsearch ingestion...
2018-03-06T23:46:50.941802: START_CHUNK: 32
2018-03-06T23:46:50.941810: END_CHUNK: 40
2018-03-06T23:48:16.933976: Success/failure: (25, 0)
2018-03-06T23:48:16.934228: Success/failure: (25, 0)
2018-03-06T23:48:16.934347: Success/failure: (25, 0)
2018-03-06T23:48:16.934370: Success/failure: (25, 0)
2018-03-06T23:48:16.934393: Success/failure: (24, 0)
2018-03-06T23:48:16.934419: Success/failure: (25, 0)
2018-03-06T23:48:16.934443: Success/failure: (25, 0)
2018-03-06T23:48:16.934467: Success/failure: (25, 0)
2018-03-06T23:48:16.938618: Ingestion complete
2018-03-06T23:50:24.052892: Starting Elasticsearch ingestion...
2018-03-06T23:50:24.052916: START_CHUNK: 40
2018-03-06T23:50:24.052923: END_CHUNK: 48
2018-03-06T23:50:40.671648: Starting Elasticsearch ingestion...
2018-03-06T23:50:40.671672: START_CHUNK: 40
2018-03-06T23:50:40.671679: END_CHUNK: 48
2018-03-06T23:52:07.757981: Success/failure: (25, 0)
2018-03-06T23:52:07.758155: Success/failure: (25, 0)
2018-03-06T23:52:07.758182: Success/failure: (24, 0)
2018-03-06T23:52:07.758209: Success/failure: (25, 0)
2018-03-06T23:52:07.758232: Success/failure: (25, 0)
2018-03-06T23:52:07.758255: Success/failure: (25, 0)
2018-03-06T23:52:07.758280: Success/failure: (25, 0)
2018-03-06T23:52:07.758303: Success/failure: (25, 0)
2018-03-06T23:52:07.762732: Ingestion complete
2018-03-06T23:52:51.554968: Starting Elasticsearch ingestion...
2018-03-06T23:52:51.555003: START_CHUNK: 48
2018-03-06T23:52:51.555011: END_CHUNK: 56
2018-03-06T23:54:20.596956: Success/failure: (25, 0)
2018-03-06T23:54:20.597056: Success/failure: (25, 0)
2018-03-06T23:54:20.597086: Success/failure: (24, 0)
2018-03-06T23:54:20.597110: Success/failure: (25, 0)
2018-03-06T23:54:20.597133: Success/failure: (25, 0)
2018-03-06T23:54:20.597156: Success/failure: (24, 0)
2018-03-06T23:54:20.597180: Success/failure: (25, 0)
2018-03-06T23:54:20.597203: Success/failure: (25, 0)
2018-03-06T23:54:20.600552: Ingestion complete
