2018-02-20T22:36:17.613288: Searching with keywords ['climate', 'earth']
2018-02-20T22:36:17.614942: Searching with keywords ['climate', 'earth']
2018-02-20T23:03:54.856410: Searching with keywords ['climate', 'earth'], starting at index 1
2018-02-20T23:03:56.660058: Found a total of 119890 records
2018-02-20T23:04:47.444773: Searching with keywords ['climate', 'earth'], starting at index 1
2018-02-20T23:04:48.701094: Found a total of 119890 records
2018-02-20T23:05:48.211345: Searching with keywords ['climate', 'earth'], starting at index 1
2018-02-20T23:05:49.683906: Found a total of 119890 records
2018-02-20T23:05:53.343461: DOI Processed: http://dx.doi.org/10.1038/nclimate1660
2018-02-20T23:05:58.410596: DOI Processed: http://dx.doi.org/10.1038/nature12540
2018-02-20T23:06:13.319371: DOI Processed: http://dx.doi.org/10.1038/sdata.2017.88
2018-02-20T23:06:19.571242: DOI Processed: http://dx.doi.org/10.1038/ngeo706
2018-02-20T23:06:24.574524: DOI Processed: http://dx.doi.org/10.1038/ncomms14957
2018-02-20T23:06:28.497954: DOI Processed: http://dx.doi.org/10.1038/034409a0
2018-02-20T23:06:31.899834: DOI Processed: http://dx.doi.org/10.1038/srep44529
2018-02-20T23:06:36.486054: DOI Processed: http://dx.doi.org/10.1038/ncomms10627
2018-02-20T23:06:41.498117: DOI Processed: http://dx.doi.org/10.1038/ngeo2994
2018-02-20T23:06:48.004802: DOI Processed: http://dx.doi.org/10.1038/nature14145
2018-02-20T23:06:51.402650: DOI Processed: http://dx.doi.org/10.1038/scientificamerican0983-162
2018-02-20T23:06:58.076331: DOI Processed: http://dx.doi.org/10.1038/ngeo2488
2018-02-20T23:07:06.017261: DOI Processed: http://dx.doi.org/10.1038/ngeo337
2018-02-20T23:07:10.837658: DOI Processed: http://dx.doi.org/10.1038/nature08823
2018-02-20T23:07:16.759395: DOI Processed: http://dx.doi.org/10.1038/sdata.2016.48
2018-02-20T23:07:23.205670: DOI Processed: http://dx.doi.org/10.1038/346713a0
2018-02-20T23:07:35.719832: DOI Processed: http://dx.doi.org/10.1038/ngeo3017
2018-02-20T23:07:41.345650: DOI Processed: http://dx.doi.org/10.1038/srep16661
2018-02-20T23:07:47.227755: DOI Processed: http://dx.doi.org/10.1038/nature11574
2018-02-20T23:07:50.936414: DOI Processed: http://dx.doi.org/10.1038/scientificamerican0304-68
2018-02-20T23:07:55.425577: DOI Processed: http://dx.doi.org/10.1038/nclimate2876
2018-02-20T23:08:02.344519: DOI Processed: http://dx.doi.org/10.1038/nature12003
2018-02-20T23:08:07.232772: DOI Processed: http://dx.doi.org/10.1038/nature06354
2018-02-20T23:08:12.658610: DOI Processed: http://dx.doi.org/10.1038/ngeo1580
2018-02-20T23:08:15.952015: DOI Processed: http://dx.doi.org/10.1038/scientificamerican0399-50
2018-02-20T23:08:19.562406: DOI Processed: http://dx.doi.org/10.1038/scientificamerican0903-20sp
2018-02-20T23:08:24.714198: DOI Processed: http://dx.doi.org/10.1038/nature12827
2018-02-20T23:08:26.907927: DOI Processed: http://dx.doi.org/10.1038/scientificamerican0284-58
2018-02-20T23:08:31.608588: DOI Processed: http://dx.doi.org/10.1038/ncomms9798
2018-02-20T23:08:35.623496: DOI Processed: http://dx.doi.org/10.1038/ncomms10646
2018-02-20T23:08:42.361634: DOI Processed: http://dx.doi.org/10.1038/nclimate1908
2018-02-20T23:08:48.792179: DOI Processed: http://dx.doi.org/10.1038/nclimate2923
2018-02-20T23:08:55.900764: DOI Processed: http://dx.doi.org/10.1038/ncomms4304
2018-02-20T23:09:00.407770: DOI Processed: http://dx.doi.org/10.1038/scientificamerican0587-72
2018-02-20T23:09:05.302722: DOI Processed: http://dx.doi.org/10.1038/ncomms14845
2018-02-20T23:09:10.544145: DOI Processed: http://dx.doi.org/10.1038/nature02567
2018-02-20T23:09:18.465474: DOI Processed: http://dx.doi.org/10.1038/347139a0
2018-02-20T23:09:23.471976: DOI Processed: http://dx.doi.org/10.1038/nature08047
2018-02-20T23:09:28.405975: DOI Processed: http://dx.doi.org/10.1038/sdata.2015.73
2018-02-20T23:09:32.296510: DOI Processed: http://dx.doi.org/10.1038/scientificamerican0807-64
2018-02-20T23:09:37.979991: DOI Processed: http://dx.doi.org/10.1038/nature01087
2018-02-20T23:09:43.800104: DOI Processed: http://dx.doi.org/10.1038/nature19082
2018-02-20T23:09:49.097067: DOI Processed: http://dx.doi.org/10.1038/srep24784
2018-02-20T23:09:54.389040: DOI Processed: http://dx.doi.org/10.1038/346029a0
2018-02-20T23:10:00.428959: DOI Processed: http://dx.doi.org/10.1038/nclimate3310
2018-02-20T23:10:05.291423: DOI Processed: http://dx.doi.org/10.1038/4631014a
2018-02-20T23:10:08.255629: DOI Processed: http://dx.doi.org/10.1038/nature22501
2018-02-20T23:10:12.326622: DOI Processed: http://dx.doi.org/10.1038/ngeo2981
2018-02-20T23:10:15.586241: DOI Processed: http://dx.doi.org/10.1038/sdata.2018.14
2018-02-20T23:10:19.989603: DOI Processed: http://dx.doi.org/10.1038/nature11238
2018-02-20T23:10:25.820728: DOI Processed: http://dx.doi.org/10.1038/ngeo724
2018-02-20T23:10:30.900020: DOI Processed: http://dx.doi.org/10.1038/483537a
2018-02-20T23:10:36.978085: DOI Processed: http://dx.doi.org/10.1038/nature24672
2018-02-20T23:10:42.083527: DOI Processed: http://dx.doi.org/10.1038/scientificamerican0705-74sp
2018-02-20T23:10:45.073937: DOI Processed: http://dx.doi.org/10.1038/scientificamerican0497-74
2018-02-20T23:10:48.973731: DOI Processed: http://dx.doi.org/10.1038/scientificamerican0100-68
2018-02-20T23:10:52.574011: DOI Processed: http://dx.doi.org/10.1038/scientificamerican0288-90
2018-02-20T23:10:55.725273: DOI Processed: http://dx.doi.org/10.1038/scientificamerican0586-54
2018-02-20T23:10:58.874161: DOI Processed: http://dx.doi.org/10.1038/scientificamerican0704-78
2018-02-20T23:11:04.472120: DOI Processed: http://dx.doi.org/10.1038/sdata.2017.12
2018-02-20T23:11:09.334626: DOI Processed: http://dx.doi.org/10.1038/nature08955
2018-02-20T23:11:13.805606: DOI Processed: http://dx.doi.org/10.1038/srep20281
2018-02-20T23:11:19.374962: DOI Processed: http://dx.doi.org/10.1038/ncomms2704
2018-02-20T23:11:19.374962: GABE NOTE: Record index is now be 64
2018-02-20T23:19:35.207167: Searching with keywords ['climate', 'earth'], starting at index 64
2018-02-20T23:19:36.597378: Found a total of 119890 records
2018-02-20T23:19:36.597408: Downloading DOI: http://dx.doi.org/10.1038/nclimate1864
2018-02-20T23:19:39.473893: Downloading DOI: http://dx.doi.org/10.1038/ncomms11967
2018-02-20T23:19:46.036246: Downloading DOI: http://dx.doi.org/10.1038/nclimate2251
2018-02-20T23:19:53.212422: Downloading DOI: http://dx.doi.org/10.1038/ngeo1296
2018-02-20T23:19:59.236753: Downloading DOI: http://dx.doi.org/10.1038/nature05699
2018-02-20T23:20:04.775436: Downloading DOI: http://dx.doi.org/10.1038/nclimate2225
2018-02-20T23:20:09.298434: Downloading DOI: http://dx.doi.org/10.1038/ngeo2771
2018-02-20T23:20:14.127727: Downloading DOI: http://dx.doi.org/10.1038/sdata.2015.66
2018-02-20T23:20:19.978373: Downloading DOI: http://dx.doi.org/10.1038/nature11300
2018-02-20T23:20:26.300430: Downloading DOI: http://dx.doi.org/10.1038/nclimate2323
2018-02-20T23:20:31.457303: Downloading DOI: http://dx.doi.org/10.1038/nature07365
2018-02-20T23:20:36.811094: Downloading DOI: http://dx.doi.org/10.1038/nature01088
2018-02-20T23:20:43.326688: Downloading DOI: http://dx.doi.org/10.1038/climate.2008.74
2018-02-20T23:20:47.777280: Downloading DOI: http://dx.doi.org/10.1038/447132a
2018-02-20T23:20:53.872230: Downloading DOI: http://dx.doi.org/10.1038/nclimate3299
2018-02-20T23:20:59.834675: Downloading DOI: http://dx.doi.org/10.1038/ngeo2670
2018-02-20T23:21:04.821161: Downloading DOI: http://dx.doi.org/10.1038/ngeo2581
2018-02-20T23:21:09.289363: Downloading DOI: http://dx.doi.org/10.1038/ngeo1196
2018-02-20T23:21:13.406856: Downloading DOI: http://dx.doi.org/10.1038/scientificamerican0391-66
2018-02-20T23:21:16.430824: Detected error, deleting..
2018-02-20T23:21:16.431226: Downloading DOI: http://dx.doi.org/10.1038/443141a
2018-02-20T23:21:21.607422: Downloading DOI: http://dx.doi.org/10.1038/nature06592
2018-02-20T23:21:26.329194: Downloading DOI: http://dx.doi.org/10.1038/srep28046
2018-02-20T23:21:31.462916: Downloading DOI: http://dx.doi.org/10.1038/ncomms15423
2018-02-20T23:21:38.550439: Downloading DOI: http://dx.doi.org/10.1038/scientificamerican0705-74sp
2018-02-20T23:21:42.683113: Detected error, deleting..
2018-02-20T23:21:42.683569: Downloading DOI: http://dx.doi.org/10.1038/35013005
2018-02-20T23:21:47.426493: Record index: 89
2018-02-20T23:21:48.814299: Downloading DOI: http://dx.doi.org/10.1038/scientificamerican0759-41
2018-02-20T23:21:51.901964: Detected error, deleting..
2018-02-20T23:21:51.902073: Downloading DOI: http://dx.doi.org/10.1038/ngeo1892
2018-02-20T23:21:58.022288: Downloading DOI: http://dx.doi.org/10.1038/28792
2018-02-20T23:22:05.502091: Downloading DOI: http://dx.doi.org/10.1038/srep34005
2018-02-20T23:22:09.520257: Downloading DOI: http://dx.doi.org/10.1038/ngeo692
2018-02-20T23:22:14.481985: Downloading DOI: http://dx.doi.org/10.1038/24845
2018-02-20T23:22:19.623470: Downloading DOI: http://dx.doi.org/10.1038/nclimate1542
2018-02-20T23:22:25.569815: Downloading DOI: http://dx.doi.org/10.1038/012403a0
2018-02-20T23:22:31.261220: Downloading DOI: http://dx.doi.org/10.1038/ngeo1801
2018-02-20T23:22:36.368162: Downloading DOI: http://dx.doi.org/10.1038/srep18560
2018-02-20T23:22:40.352082: Downloading DOI: http://dx.doi.org/10.1038/nclimate1373
2018-02-20T23:22:46.418086: Downloading DOI: http://dx.doi.org/10.1038/nclimate3421
2018-02-20T23:22:51.620902: Downloading DOI: http://dx.doi.org/10.1038/505034a
2018-02-20T23:22:55.618288: Downloading DOI: http://dx.doi.org/10.1038/scientificamerican1104-62
2018-02-20T23:22:58.367415: Detected error, deleting..
2018-02-20T23:22:58.367494: Downloading DOI: http://dx.doi.org/10.1038/srep44574
2018-02-20T23:23:03.060020: Downloading DOI: http://dx.doi.org/10.1038/ngeo2398
2018-02-20T23:23:10.024076: Downloading DOI: http://dx.doi.org/10.1038/scientificamericandebates1217-26
2018-02-20T23:23:13.517223: Downloading DOI: http://dx.doi.org/10.1038/ncomms11690
2018-02-20T23:23:18.858101: Downloading DOI: http://dx.doi.org/10.1038/climate.2007.27
2018-02-20T23:23:25.130497: Downloading DOI: http://dx.doi.org/10.1038/nclimate1455
2018-02-20T23:23:29.987367: Downloading DOI: http://dx.doi.org/10.1038/nclimate3206
2018-02-20T23:23:34.057735: Downloading DOI: http://dx.doi.org/10.1038/nature04141
2018-02-20T23:23:39.396287: Downloading DOI: http://dx.doi.org/10.1038/nclimate3079
2018-02-20T23:23:44.020701: Downloading DOI: http://dx.doi.org/10.1038/ngeo3031
2018-02-20T23:23:50.978646: Downloading DOI: http://dx.doi.org/10.1038/nature12350
2018-02-20T23:23:57.206855: Record index: 114
2018-02-20T23:23:58.552614: Downloading DOI: http://dx.doi.org/10.1038/ncomms9890
2018-02-20T23:24:02.401699: Downloading DOI: http://dx.doi.org/10.1038/483S12a
2018-02-20T23:24:08.366513: Downloading DOI: http://dx.doi.org/10.1038/ngeo1327
2018-02-20T23:24:13.658868: Downloading DOI: http://dx.doi.org/10.1038/ngeo660
2018-02-20T23:24:19.072196: Downloading DOI: http://dx.doi.org/10.1038/359373a0
2018-02-20T23:24:24.316454: Downloading DOI: http://dx.doi.org/10.1038/nature16958
2018-02-20T23:24:28.229006: Downloading DOI: http://dx.doi.org/10.1038/climate.2009.76
2018-02-20T23:24:32.828187: Downloading DOI: http://dx.doi.org/10.1038/nature22315
2018-02-20T23:24:39.888834: Downloading DOI: http://dx.doi.org/10.1038/nature14338
2018-02-20T23:24:48.139249: Downloading DOI: http://dx.doi.org/10.1038/nature13731
2018-02-20T23:24:53.254159: Downloading DOI: http://dx.doi.org/10.1038/climate.2009.20
2018-02-20T23:24:59.294787: Downloading DOI: http://dx.doi.org/10.1038/nclimate3004
2018-02-20T23:25:04.991008: Downloading DOI: http://dx.doi.org/10.1038/scientificamerican0912-78
2018-02-20T23:25:09.363405: Detected error, deleting..
2018-02-20T23:25:09.363973: Downloading DOI: http://dx.doi.org/10.1038/nclimate3357
2018-02-20T23:25:14.342930: Downloading DOI: http://dx.doi.org/10.1038/nature02408
2018-02-20T23:25:20.686071: Downloading DOI: http://dx.doi.org/10.1038/srep46443
2018-02-20T23:25:24.689763: Downloading DOI: http://dx.doi.org/10.1038/nature05072
2018-02-20T23:25:30.278160: Downloading DOI: http://dx.doi.org/10.1038/141591a0
2018-02-20T23:25:34.381520: Downloading DOI: http://dx.doi.org/10.1038/scientificamerican08241878-2202asupp
2018-02-20T23:25:38.172121: Detected error, deleting..
2018-02-20T23:25:38.172532: Downloading DOI: http://dx.doi.org/10.1038/35053203
2018-02-20T23:25:42.658624: Downloading DOI: http://dx.doi.org/10.1038/nature12374
2018-02-20T23:25:47.439459: Downloading DOI: http://dx.doi.org/10.1038/416579a
2018-02-20T23:25:52.339492: Downloading DOI: http://dx.doi.org/10.1038/ncomms14383
2018-02-20T23:25:58.151595: Downloading DOI: http://dx.doi.org/10.1038/nature02114
2018-02-20T23:26:02.621440: Downloading DOI: http://dx.doi.org/10.1038/nclimate2387
2018-02-20T23:26:06.866857: Record index: 139
2018-02-20T23:26:08.481182: Downloading DOI: http://dx.doi.org/10.1038/500159a
2018-02-20T23:26:13.918535: Downloading DOI: http://dx.doi.org/10.1038/scientificamerican0705-4sp
2018-02-20T23:26:18.561211: Detected error, deleting..
2018-02-20T23:26:18.561367: Downloading DOI: http://dx.doi.org/10.1038/scientificamerican0705-4sp
2018-02-20T23:26:21.815628: Detected error, deleting..
2018-02-20T23:26:21.816284: Downloading DOI: http://dx.doi.org/10.1038/scientificamerican0658-85
2018-02-20T23:26:24.988066: Detected error, deleting..
2018-02-20T23:26:24.988456: Downloading DOI: http://dx.doi.org/10.1038/scientificamerican1094-66
2018-02-20T23:26:27.587655: Detected error, deleting..
2018-02-20T23:26:27.588132: Downloading DOI: http://dx.doi.org/10.1038/scientificamerican01051895-15859csupp
2018-02-20T23:26:30.985884: Detected error, deleting..
2018-02-20T23:26:30.986483: Downloading DOI: http://dx.doi.org/10.1038/nclimate2697
2018-02-20T23:26:37.089396: Downloading DOI: http://dx.doi.org/10.1038/nclimate1876
2018-02-20T23:26:41.166419: Downloading DOI: http://dx.doi.org/10.1038/nature04452
2018-02-20T23:26:49.318405: Downloading DOI: http://dx.doi.org/10.1038/sdata.2018.16
2018-02-20T23:26:52.306974: Downloading DOI: http://dx.doi.org/10.1038/126959a0
2018-02-20T23:26:57.610145: Downloading DOI: http://dx.doi.org/10.1038/nclimate1744
2018-02-20T23:27:03.441777: Downloading DOI: http://dx.doi.org/10.1038/nature03671
2018-02-20T23:27:08.242810: Downloading DOI: http://dx.doi.org/10.1038/climate.2009.102
2018-02-20T23:27:12.421597: Downloading DOI: http://dx.doi.org/10.1038/nclimate1294
2018-02-20T23:27:17.068938: Downloading DOI: http://dx.doi.org/10.1038/nature08649
2018-02-20T23:27:21.957575: Downloading DOI: http://dx.doi.org/10.1038/climate.2007.46a
2018-02-20T23:27:27.169955: Downloading DOI: http://dx.doi.org/10.1038/nature10946
2018-02-20T23:27:34.055906: Downloading DOI: http://dx.doi.org/10.1038/35073504
2018-02-20T23:27:39.459675: Downloading DOI: http://dx.doi.org/10.1038/386131a0
2018-02-20T23:27:42.644911: Downloading DOI: http://dx.doi.org/10.1038/nclimate3411
2018-02-20T23:27:47.708995: Downloading DOI: http://dx.doi.org/10.1038/nclimate2827
2018-02-20T23:27:52.356238: Downloading DOI: http://dx.doi.org/10.1038/ngeo2681
2018-02-20T23:27:58.274123: Downloading DOI: http://dx.doi.org/10.1038/nclimate1494
2018-02-20T23:28:04.762921: Downloading DOI: http://dx.doi.org/10.1038/290295a0
2018-02-20T23:28:10.757854: Record index: 164
2018-02-20T23:28:12.361375: Downloading DOI: http://dx.doi.org/10.1038/nenergy.2017.109
2018-02-20T23:28:16.122879: Downloading DOI: http://dx.doi.org/10.1038/ngeo2304
2018-02-20T23:28:20.924139: Downloading DOI: http://dx.doi.org/10.1038/nclimate3066
2018-02-20T23:28:25.411371: Downloading DOI: http://dx.doi.org/10.1038/276342a0
2018-02-20T23:28:29.425061: Downloading DOI: http://dx.doi.org/10.1038/nclimate2477
2018-02-20T23:28:35.371032: Downloading DOI: http://dx.doi.org/10.1038/359117a0
2018-02-20T23:28:40.823624: Downloading DOI: http://dx.doi.org/10.1038/286868a0
2018-02-20T23:28:46.606230: Downloading DOI: http://dx.doi.org/10.1038/climate.2007.37
2018-02-20T23:28:49.676931: Downloading DOI: http://dx.doi.org/10.1038/nclimate2441
2018-02-20T23:28:55.767730: Downloading DOI: http://dx.doi.org/10.1038/502174a
2018-02-20T23:29:01.271920: Downloading DOI: http://dx.doi.org/10.1038/371052a0
2018-02-20T23:29:05.933658: Downloading DOI: http://dx.doi.org/10.1038/33658
2018-02-20T23:29:10.562775: Downloading DOI: http://dx.doi.org/10.1038/srep12103
2018-02-20T23:29:16.585612: Downloading DOI: http://dx.doi.org/10.1038/ncomms11148
2018-02-20T23:29:21.101598: Downloading DOI: http://dx.doi.org/10.1038/530426a
2018-02-20T23:29:27.579354: Downloading DOI: http://dx.doi.org/10.1038/319109a0
2018-02-20T23:29:34.870916: Downloading DOI: http://dx.doi.org/10.1038/climate.2009.99
2018-02-20T23:29:39.153878: Downloading DOI: http://dx.doi.org/10.1038/042175a0
2018-02-20T23:29:42.946097: Downloading DOI: http://dx.doi.org/10.1038/nclimate2060
2018-02-20T23:29:50.686998: Downloading DOI: http://dx.doi.org/10.1038/srep28162
2018-02-20T23:29:54.260946: Downloading DOI: http://dx.doi.org/10.1038/nclimate2076
2018-02-20T23:29:57.898503: Downloading DOI: http://dx.doi.org/10.1038/nature01089
2018-02-20T23:30:05.645557: Downloading DOI: http://dx.doi.org/10.1038/ncomms15713
2018-02-20T23:30:10.799616: Downloading DOI: http://dx.doi.org/10.1038/308609a0
2018-02-20T23:30:15.305113: Downloading DOI: http://dx.doi.org/10.1038/scientificamerican1108-46
2018-02-20T23:30:18.673387: Detected error, deleting..
2018-02-20T23:30:18.673948: Record index: 189
2018-02-20T23:30:19.782565: Downloading DOI: http://dx.doi.org/10.1038/nclimate1683
2018-02-20T23:30:24.031951: Downloading DOI: http://dx.doi.org/10.1038/328123a0
2018-02-20T23:30:28.055596: Downloading DOI: http://dx.doi.org/10.1038/scientificamerican0305-46
2018-02-20T23:30:32.337260: Detected error, deleting..
2018-02-20T23:30:32.337833: Downloading DOI: http://dx.doi.org/10.1038/nclimate1863
2018-02-20T23:30:38.573195: Downloading DOI: http://dx.doi.org/10.1038/scientificamerican1217-72
2018-02-20T23:30:42.600675: Detected error, deleting..
2018-02-20T23:30:42.600787: Downloading DOI: http://dx.doi.org/10.1038/43348
2018-02-20T23:30:46.888651: Downloading DOI: http://dx.doi.org/10.1038/nclimate2568
2018-02-20T23:30:51.141624: Downloading DOI: http://dx.doi.org/10.1038/542419a
2018-02-20T23:30:55.780866: Downloading DOI: http://dx.doi.org/10.1038/ncomms16020
2018-02-20T23:31:01.064193: Downloading DOI: http://dx.doi.org/10.1038/scientificamerican0294-48
2018-02-20T23:31:04.181076: Detected error, deleting..
2018-02-20T23:31:04.181562: Downloading DOI: http://dx.doi.org/10.1038/ngeo1898
2018-02-20T23:31:08.478524: Downloading DOI: http://dx.doi.org/10.1038/ncomms14367
2018-02-20T23:31:13.402992: Downloading DOI: http://dx.doi.org/10.1038/ngeo194
2018-02-20T23:31:17.257369: Downloading DOI: http://dx.doi.org/10.1038/ngeo2523
2018-02-20T23:31:22.048618: Downloading DOI: http://dx.doi.org/10.1038/461472a
2018-02-20T23:31:24.775534: Downloading DOI: http://dx.doi.org/10.1038/ngeo1118
2018-02-20T23:31:30.219681: Downloading DOI: http://dx.doi.org/10.1038/35084192
2018-02-20T23:31:37.497602: Downloading DOI: http://dx.doi.org/10.1038/nature16494
2018-02-20T23:31:42.236686: Downloading DOI: http://dx.doi.org/10.1038/540208a
2018-02-20T23:31:46.635656: Downloading DOI: http://dx.doi.org/10.1038/scientificamerican0400-92
2018-02-20T23:31:49.900732: Detected error, deleting..
2018-02-20T23:31:49.900898: Downloading DOI: http://dx.doi.org/10.1038/nature11360
2018-02-20T23:31:56.591648: Downloading DOI: http://dx.doi.org/10.1038/scientificamerican0970-54
2018-02-20T23:31:59.501401: Detected error, deleting..
2018-02-20T23:31:59.501897: Downloading DOI: http://dx.doi.org/10.1038/ngeo1375
2018-02-20T23:32:04.268027: Downloading DOI: http://dx.doi.org/10.1038/359226a0
2018-02-20T23:32:08.454573: Downloading DOI: http://dx.doi.org/10.1038/35084172
2018-02-20T23:32:15.948313: Record index: 214
2018-02-20T23:32:17.285143: Downloading DOI: http://dx.doi.org/10.1038/450797a
2018-02-20T23:32:21.709943: Downloading DOI: http://dx.doi.org/10.1038/014393b0
2018-02-20T23:32:25.817502: Downloading DOI: http://dx.doi.org/10.1038/nclimate2728
2018-02-20T23:32:30.194766: Downloading DOI: http://dx.doi.org/10.1038/ngeo1567
2018-02-20T23:32:35.992826: Downloading DOI: http://dx.doi.org/10.1038/nclimate2143
2018-02-20T23:32:42.078591: Downloading DOI: http://dx.doi.org/10.1038/518046b
2018-02-20T23:32:46.939243: Downloading DOI: http://dx.doi.org/10.1038/nclimate1586
2018-02-20T23:32:55.177177: Downloading DOI: http://dx.doi.org/10.1038/nature04188
2018-02-20T23:33:00.009656: Downloading DOI: http://dx.doi.org/10.1038/nclimate2317
2018-02-20T23:33:06.003012: Downloading DOI: http://dx.doi.org/10.1038/sdata.2017.191
2018-02-20T23:33:10.610538: Downloading DOI: http://dx.doi.org/10.1038/climate.2009.41
2018-02-20T23:33:15.607446: Downloading DOI: http://dx.doi.org/10.1038/nclimate1262
2018-02-20T23:33:20.365261: Downloading DOI: http://dx.doi.org/10.1038/nclimate3233
2018-02-20T23:33:24.567882: Downloading DOI: http://dx.doi.org/10.1038/nclimate2974
2018-02-20T23:33:28.701672: Downloading DOI: http://dx.doi.org/10.1038/ngeo2228
2018-02-20T23:33:33.219880: Downloading DOI: http://dx.doi.org/10.1038/sdata.2018.12
2018-02-20T23:33:38.649882: Downloading DOI: http://dx.doi.org/10.1038/climate.2008.52
2018-02-20T23:33:42.681362: Downloading DOI: http://dx.doi.org/10.1038/ngeo555
2018-02-20T23:33:47.540217: Downloading DOI: http://dx.doi.org/10.1038/nclimate3394
2018-02-20T23:33:52.773547: Downloading DOI: http://dx.doi.org/10.1038/nplants.2016.193
2018-02-20T23:33:57.006500: Downloading DOI: http://dx.doi.org/10.1038/nclimate3190
2018-02-20T23:34:01.877416: Downloading DOI: http://dx.doi.org/10.1038/ngeo2863
2018-02-20T23:34:06.630121: Downloading DOI: http://dx.doi.org/10.1038/climate.2007.65
2018-02-20T23:34:11.415750: Downloading DOI: http://dx.doi.org/10.1038/nature13462
2018-02-20T23:34:17.737525: Downloading DOI: http://dx.doi.org/10.1038/517562a
2018-02-20T23:34:21.799946: Record index: 239
2018-02-20T23:34:23.034511: Downloading DOI: http://dx.doi.org/10.1038/nclimate2539
2018-02-20T23:34:26.938489: Downloading DOI: http://dx.doi.org/10.1038/s41559-017-0176
2018-02-20T23:34:32.049501: Downloading DOI: http://dx.doi.org/10.1038/climate.2009.92
2018-02-20T23:34:36.775796: Downloading DOI: http://dx.doi.org/10.1038/nature19471
2018-02-20T23:34:40.948023: Downloading DOI: http://dx.doi.org/10.1038/33799
2018-02-20T23:34:46.562017: Downloading DOI: http://dx.doi.org/10.1038/nclimate2174
2018-02-20T23:34:50.947305: Downloading DOI: http://dx.doi.org/10.1038/scientificamerican0790-36
2018-02-20T23:34:53.739805: Detected error, deleting..
2018-02-20T23:34:53.740328: Downloading DOI: http://dx.doi.org/10.1038/nature11200
2018-02-20T23:34:58.350560: Downloading DOI: http://dx.doi.org/10.1038/nature11949
2018-02-20T23:35:02.034508: Downloading DOI: http://dx.doi.org/10.1038/nature12915
2018-02-20T23:35:07.155957: Downloading DOI: http://dx.doi.org/10.1038/nature13705
2018-02-20T23:35:13.690702: Downloading DOI: http://dx.doi.org/10.1038/ngeo1695
2018-02-20T23:35:19.080438: Downloading DOI: http://dx.doi.org/10.1038/nature12269
2018-02-20T23:35:23.540260: Downloading DOI: http://dx.doi.org/10.1038/19635
2018-02-20T23:35:27.275279: Downloading DOI: http://dx.doi.org/10.1038/nclimate2250
2018-02-20T23:35:32.571810: Downloading DOI: http://dx.doi.org/10.1038/371282a0
2018-02-20T23:35:36.436127: Downloading DOI: http://dx.doi.org/10.1038/nclimate3103
2018-02-20T23:35:43.302292: Downloading DOI: http://dx.doi.org/10.1038/scientificamerican0989-70
2018-02-20T23:35:46.236491: Detected error, deleting..
2018-02-20T23:35:46.236869: Downloading DOI: http://dx.doi.org/10.1038/436905a
2018-02-20T23:35:50.950897: Downloading DOI: http://dx.doi.org/10.1038/nclimate1504
2018-02-20T23:35:56.401077: Downloading DOI: http://dx.doi.org/10.1038/ngeo2424
2018-02-20T23:36:01.339995: Downloading DOI: http://dx.doi.org/10.1038/35083679
2018-02-20T23:36:05.566524: Downloading DOI: http://dx.doi.org/10.1038/nature20150
2018-02-20T23:36:12.581927: Downloading DOI: http://dx.doi.org/10.1038/nclimate2466
2018-02-20T23:36:19.374868: Downloading DOI: http://dx.doi.org/10.1038/527427a
2018-02-20T23:36:22.816782: Record index: 264
2018-02-20T23:36:23.888653: Downloading DOI: http://dx.doi.org/10.1038/018266a0
2018-02-20T23:36:29.309155: Downloading DOI: http://dx.doi.org/10.1038/nature08069
2018-02-20T23:36:42.553678: Downloading DOI: http://dx.doi.org/10.1038/ngeo416
2018-02-20T23:36:53.162198: Downloading DOI: http://dx.doi.org/10.1038/ngeo1206
2018-02-20T23:36:56.598897: Downloading DOI: http://dx.doi.org/10.1038/scientificamerican1112-50
2018-02-20T23:37:00.697737: Detected error, deleting..
2018-02-20T23:37:00.698398: Downloading DOI: http://dx.doi.org/10.1038/7219xiiib
2018-02-20T23:37:05.857658: Downloading DOI: http://dx.doi.org/10.1038/nature03365
2018-02-20T23:37:18.638114: Downloading DOI: http://dx.doi.org/10.1038/441579a
2018-02-20T23:37:22.491186: Downloading DOI: http://dx.doi.org/10.1038/nclimate2394
2018-02-20T23:37:28.022166: Downloading DOI: http://dx.doi.org/10.1038/scientificamerican0414-78
2018-02-20T23:37:31.626321: Detected error, deleting..
2018-02-20T23:37:31.627053: Downloading DOI: http://dx.doi.org/10.1038/35084184
2018-02-20T23:37:37.247801: Downloading DOI: http://dx.doi.org/10.1038/118053a0
2018-02-20T23:37:41.101225: Downloading DOI: http://dx.doi.org/10.1038/nature01091
2018-02-20T23:37:47.422625: Downloading DOI: http://dx.doi.org/10.1038/nature04745
2018-02-20T23:37:51.890591: Downloading DOI: http://dx.doi.org/10.1038/nclimate3322
2018-02-20T23:37:55.240559: Downloading DOI: http://dx.doi.org/10.1038/ngeo2828
2018-02-20T23:38:01.020665: Downloading DOI: http://dx.doi.org/10.1038/534626a
2018-02-20T23:38:06.015493: Downloading DOI: http://dx.doi.org/10.1038/329803a0
2018-02-20T23:38:10.880965: Downloading DOI: http://dx.doi.org/10.1038/ngeo2000
2018-02-20T23:38:15.209006: Downloading DOI: http://dx.doi.org/10.1038/ngeo420
2018-02-20T23:38:19.957424: Downloading DOI: http://dx.doi.org/10.1038/ngeo736
2018-02-20T23:38:29.746843: Downloading DOI: http://dx.doi.org/10.1038/nclimate1299
2018-02-20T23:38:35.732178: Downloading DOI: http://dx.doi.org/10.1038/nature06588
2018-02-20T23:38:49.247754: Downloading DOI: http://dx.doi.org/10.1038/ngeo1528
2018-02-20T23:39:00.712680: Downloading DOI: http://dx.doi.org/10.1038/nature22974
2018-02-20T23:39:06.566414: Record index: 289
2018-02-20T23:39:07.882740: Downloading DOI: http://dx.doi.org/10.1038/nature17450
2018-02-20T23:39:15.697090: Downloading DOI: http://dx.doi.org/10.1038/nature19798
2018-02-20T23:39:29.201224: Downloading DOI: http://dx.doi.org/10.1038/sdata.2017.87
2018-02-20T23:39:39.161362: Downloading DOI: http://dx.doi.org/10.1038/nclimate2879
2018-02-20T23:39:45.127534: Downloading DOI: http://dx.doi.org/10.1038/419129a
2018-02-20T23:39:50.585286: Downloading DOI: http://dx.doi.org/10.1038/437468a
2018-02-20T23:39:54.109476: Downloading DOI: http://dx.doi.org/10.1038/41201
2018-02-20T23:40:05.938913: Downloading DOI: http://dx.doi.org/10.1038/nature06589
2018-02-20T23:40:10.167787: Downloading DOI: http://dx.doi.org/10.1038/scientificamerican05131876-306bsupp
2018-02-20T23:40:12.257278: Downloading DOI: http://dx.doi.org/10.1038/scientificamerican0693-44
2018-02-20T23:40:14.648269: Detected error, deleting..
2018-02-20T23:40:14.648809: Downloading DOI: http://dx.doi.org/10.1038/nature11983
2018-02-20T23:40:19.340728: Downloading DOI: http://dx.doi.org/10.1038/nature07675
2018-02-20T23:40:24.524555: Downloading DOI: http://dx.doi.org/10.1038/ngeo2323
2018-02-20T23:40:27.646504: Downloading DOI: http://dx.doi.org/10.1038/326655a0
2018-02-20T23:40:32.995105: Downloading DOI: http://dx.doi.org/10.1038/504380a
2018-02-20T23:40:42.441554: Downloading DOI: http://dx.doi.org/10.1038/scientificamerican0452-74
2018-02-20T23:40:44.931216: Detected error, deleting..
2018-02-20T23:40:44.931669: Downloading DOI: http://dx.doi.org/10.1038/sdata.2017.122
2018-02-20T23:40:50.475069: Downloading DOI: http://dx.doi.org/10.1038/srep45635
2018-02-20T23:40:54.741325: Downloading DOI: http://dx.doi.org/10.1038/ngeo2273
2018-02-20T23:41:08.145562: Downloading DOI: http://dx.doi.org/10.1038/359196a0
2018-02-20T23:41:12.648717: Downloading DOI: http://dx.doi.org/10.1038/ngeo2844
2018-02-20T23:41:16.691833: Downloading DOI: http://dx.doi.org/10.1038/scientificamerican06161877-1210supp
2018-02-20T23:41:19.941878: Detected error, deleting..
2018-02-20T23:41:19.942417: Downloading DOI: http://dx.doi.org/10.1038/495015a
2018-02-20T23:41:23.609138: Downloading DOI: http://dx.doi.org/10.1038/464687a
2018-02-20T23:41:36.957301: Downloading DOI: http://dx.doi.org/10.1038/nclimate2395
2018-02-20T23:41:47.956467: Record index: 314
2018-02-20T23:41:49.144552: Downloading DOI: http://dx.doi.org/10.1038/nature06586
2018-02-20T23:41:53.103972: Downloading DOI: http://dx.doi.org/10.1038/srep13487
2018-02-20T23:42:06.124973: Downloading DOI: http://dx.doi.org/10.1038/nclimate1414
2018-02-20T23:42:17.554005: Downloading DOI: http://dx.doi.org/10.1038/srep33160
2018-02-20T23:42:22.440913: Downloading DOI: http://dx.doi.org/10.1038/scientificamerican0603-44
2018-02-20T23:42:25.205558: Detected error, deleting..
2018-02-20T23:42:25.206029: Downloading DOI: http://dx.doi.org/10.1038/20320
2018-02-20T23:42:30.767336: Downloading DOI: http://dx.doi.org/10.1038/scientificamerican0903-34sp
2018-02-20T23:42:32.824894: Downloading DOI: http://dx.doi.org/10.1038/nclimate2760
2018-02-20T23:42:38.375953: Downloading DOI: http://dx.doi.org/10.1038/nature11018
2018-02-20T23:42:44.371644: Downloading DOI: http://dx.doi.org/10.1038/scientificamerican09251886-8949supp
2018-02-20T23:42:47.772480: Detected error, deleting..
2018-02-20T23:42:47.773010: Downloading DOI: http://dx.doi.org/10.1038/485452a
2018-02-20T23:42:56.426161: Downloading DOI: http://dx.doi.org/10.1038/ngeo355
2018-02-20T23:43:01.533153: Downloading DOI: http://dx.doi.org/10.1038/nature06432
2018-02-20T23:43:05.470426: Downloading DOI: http://dx.doi.org/10.1038/ncomms14682
2018-02-20T23:43:19.589869: Downloading DOI: http://dx.doi.org/10.1038/nclimate3057
2018-02-20T23:43:28.798828: Downloading DOI: http://dx.doi.org/10.1038/nclimate2632
2018-02-20T23:43:33.853182: Downloading DOI: http://dx.doi.org/10.1038/ncomms10511
2018-02-20T23:43:38.284191: Downloading DOI: http://dx.doi.org/10.1038/nature20582
2018-02-20T23:43:42.784702: Downloading DOI: http://dx.doi.org/10.1038/nclimate3354
2018-02-20T23:43:48.651985: Downloading DOI: http://dx.doi.org/10.1038/nature09364
2018-02-20T23:43:56.337646: Downloading DOI: http://dx.doi.org/10.1038/climate.2009.118
2018-02-20T23:44:00.144063: Downloading DOI: http://dx.doi.org/10.1038/climate.2009.29
2018-02-20T23:44:05.255631: Downloading DOI: http://dx.doi.org/10.1038/scientificamerican1299-100
2018-02-20T23:44:07.591033: Detected error, deleting..
2018-02-20T23:44:07.591494: Downloading DOI: http://dx.doi.org/10.1038/ngeo3033
2018-02-20T23:44:13.802328: Downloading DOI: http://dx.doi.org/10.1038/nature19365
2018-02-20T23:44:19.010679: Record index: 339
2018-02-20T23:44:20.287434: Downloading DOI: http://dx.doi.org/10.1038/srep35798
2018-02-20T23:44:25.846079: Downloading DOI: http://dx.doi.org/10.1038/nature22340
2018-02-20T23:44:31.012106: Downloading DOI: http://dx.doi.org/10.1038/srep44188
2018-02-20T23:44:35.528585: Downloading DOI: http://dx.doi.org/10.1038/nclimate3088
2018-02-20T23:44:40.929583: Downloading DOI: http://dx.doi.org/10.1038/nclimate1582
2018-02-20T23:44:45.790540: Downloading DOI: http://dx.doi.org/10.1038/nclimate1302
2018-02-20T23:44:50.380969: Downloading DOI: http://dx.doi.org/10.1038/ngeo2346
2018-02-20T23:44:55.250847: Downloading DOI: http://dx.doi.org/10.1038/nclimate3046
2018-02-20T23:44:59.817087: Downloading DOI: http://dx.doi.org/10.1038/072439a0
2018-02-20T23:45:04.924472: Downloading DOI: http://dx.doi.org/10.1038/ncomms14202
2018-02-20T23:45:11.115385: Downloading DOI: http://dx.doi.org/10.1038/climate.2010.133
2018-02-20T23:45:16.661134: Downloading DOI: http://dx.doi.org/10.1038/climate.2009.18
2018-02-20T23:45:21.969559: Downloading DOI: http://dx.doi.org/10.1038/ngeo2225
2018-02-20T23:45:26.710051: Downloading DOI: http://dx.doi.org/10.1038/nclimate1816
2018-02-20T23:45:30.989650: Downloading DOI: http://dx.doi.org/10.1038/srep36975
2018-02-20T23:45:35.652838: Downloading DOI: http://dx.doi.org/10.1038/ngeo604
2018-02-20T23:45:40.214529: Downloading DOI: http://dx.doi.org/10.1038/nature01090
2018-02-20T23:45:49.326659: Downloading DOI: http://dx.doi.org/10.1038/nclimate3069
2018-02-20T23:45:53.667414: Downloading DOI: http://dx.doi.org/10.1038/srep38020
2018-02-20T23:45:58.531548: Downloading DOI: http://dx.doi.org/10.1038/ngeo1460
2018-02-20T23:46:03.468657: Downloading DOI: http://dx.doi.org/10.1038/nature02121
2018-02-20T23:46:06.934876: Downloading DOI: http://dx.doi.org/10.1038/7276956a
2018-02-20T23:46:10.476957: Downloading DOI: http://dx.doi.org/10.1038/nature11882
2018-02-20T23:46:14.678634: Downloading DOI: http://dx.doi.org/10.1038/nclimate3329
2018-02-20T23:46:22.124497: Downloading DOI: http://dx.doi.org/10.1038/srep32607
2018-02-20T23:46:25.467357: Record index: 364
2018-02-20T23:46:26.877656: Downloading DOI: http://dx.doi.org/10.1038/nature10322
2018-02-20T23:46:34.580216: Downloading DOI: http://dx.doi.org/10.1038/climate.2010.03
2018-02-20T23:46:40.533635: Downloading DOI: http://dx.doi.org/10.1038/546041a
2018-02-20T23:46:46.142397: Downloading DOI: http://dx.doi.org/10.1038/srep18153
2018-02-20T23:46:51.397272: Downloading DOI: http://dx.doi.org/10.1038/nature08831
2018-02-20T23:46:55.943590: Downloading DOI: http://dx.doi.org/10.1038/ncomms5914
2018-02-20T23:47:00.326999: Downloading DOI: http://dx.doi.org/10.1038/nclimate1716
2018-02-20T23:47:04.518267: Downloading DOI: http://dx.doi.org/10.1038/srep38287
2018-02-20T23:47:08.347656: Downloading DOI: http://dx.doi.org/10.1038/srep41256
2018-02-20T23:47:12.277909: Downloading DOI: http://dx.doi.org/10.1038/ncomms2222
2018-02-20T23:47:16.262007: Downloading DOI: http://dx.doi.org/10.1038/ngeo1573
2018-02-20T23:47:20.494882: Downloading DOI: http://dx.doi.org/10.1038/nclimate1803
2018-02-20T23:47:24.807241: Downloading DOI: http://dx.doi.org/10.1038/srep29804
2018-02-20T23:47:29.947924: Downloading DOI: http://dx.doi.org/10.1038/climate.2008.42
2018-02-20T23:47:34.731865: Downloading DOI: http://dx.doi.org/10.1038/nclimate2882
2018-02-20T23:47:39.009374: Downloading DOI: http://dx.doi.org/10.1038/ngeo.2007.38
2018-02-20T23:47:43.873838: Downloading DOI: http://dx.doi.org/10.1038/ncomms15696
2018-02-20T23:47:50.456223: Downloading DOI: http://dx.doi.org/10.1038/srep31930
2018-02-20T23:47:56.227674: Downloading DOI: http://dx.doi.org/10.1038/524044a
2018-02-20T23:48:00.027282: Downloading DOI: http://dx.doi.org/10.1038/nature18273
2018-02-20T23:48:04.713276: Downloading DOI: http://dx.doi.org/10.1038/climate.2010.37
2018-02-20T23:48:10.470587: Downloading DOI: http://dx.doi.org/10.1038/srep16328
2018-02-20T23:48:15.075025: Downloading DOI: http://dx.doi.org/10.1038/nature19471
2018-02-20T23:48:20.227256: Downloading DOI: http://dx.doi.org/10.1038/545296a
2018-02-20T23:48:24.660152: Downloading DOI: http://dx.doi.org/10.1038/nature13376
2018-02-20T23:48:29.820578: Record index: 389
2018-02-20T23:48:30.958050: Downloading DOI: http://dx.doi.org/10.1038/ngeo828
2018-02-20T23:48:36.203678: Downloading DOI: http://dx.doi.org/10.1038/nature06593
2018-02-20T23:48:39.888367: Downloading DOI: http://dx.doi.org/10.1038/543287a
2018-02-20T23:48:44.083601: Downloading DOI: http://dx.doi.org/10.1038/srep15956
2018-02-20T23:48:48.337352: Downloading DOI: http://dx.doi.org/10.1038/315021a0
2018-02-20T23:48:53.046769: Downloading DOI: http://dx.doi.org/10.1038/nclimate1981
2018-02-20T23:48:58.764569: Downloading DOI: http://dx.doi.org/10.1038/ncomms8537
2018-02-20T23:49:04.270858: Downloading DOI: http://dx.doi.org/10.1038/srep36169
2018-02-20T23:49:08.507415: Downloading DOI: http://dx.doi.org/10.1038/ismej.2009.16
2018-02-20T23:49:13.357993: Downloading DOI: http://dx.doi.org/10.1038/s41559-017-0089
2018-02-20T23:49:18.565519: Downloading DOI: http://dx.doi.org/10.1038/nature10580
2018-02-20T23:49:25.884313: Downloading DOI: http://dx.doi.org/10.1038/climate.2008.133
2018-02-20T23:49:30.722104: Downloading DOI: http://dx.doi.org/10.1038/sdata.2017.76
2018-02-20T23:49:35.988243: Downloading DOI: http://dx.doi.org/10.1038/ncomms11719
2018-02-20T23:49:41.826563: Downloading DOI: http://dx.doi.org/10.1038/019033b0
2018-02-20T23:49:46.193004: Downloading DOI: http://dx.doi.org/10.1038/ngeo1285
2018-02-20T23:49:51.950609: Downloading DOI: http://dx.doi.org/10.1038/nrmicro1751
2018-02-20T23:49:57.596469: Downloading DOI: http://dx.doi.org/10.1038/441583a
2018-02-20T23:50:02.297224: Downloading DOI: http://dx.doi.org/10.1038/nature04246
2018-02-20T23:50:07.645340: Downloading DOI: http://dx.doi.org/10.1038/nature09396
2018-02-20T23:50:12.942800: Downloading DOI: http://dx.doi.org/10.1038/nclimate3265
2018-02-20T23:50:17.374042: Downloading DOI: http://dx.doi.org/10.1038/ncomms14884
2018-02-20T23:50:21.758701: Downloading DOI: http://dx.doi.org/10.1038/ngeo348
2018-02-20T23:50:27.018494: Downloading DOI: http://dx.doi.org/10.1038/427686a
2018-02-20T23:50:30.241630: Downloading DOI: http://dx.doi.org/10.1038/ncomms12432
2018-02-20T23:50:34.685954: Record index: 414
2018-02-20T23:50:36.018305: Downloading DOI: http://dx.doi.org/10.1038/srep30647
2018-02-20T23:50:40.985634: Downloading DOI: http://dx.doi.org/10.1038/nature09739
2018-02-20T23:50:46.612518: Downloading DOI: http://dx.doi.org/10.1038/ngeo2912
2018-02-20T23:50:51.282451: Downloading DOI: http://dx.doi.org/10.1038/nclimate2763
2018-02-20T23:50:56.660459: Downloading DOI: http://dx.doi.org/10.1038/ngeo729
2018-02-20T23:51:00.831080: Downloading DOI: http://dx.doi.org/10.1038/ngeo2822
2018-02-20T23:51:06.189374: Downloading DOI: http://dx.doi.org/10.1038/ncomms9268
2018-02-20T23:51:09.606877: Downloading DOI: http://dx.doi.org/10.1038/nphys3335
2018-02-20T23:51:15.232218: Downloading DOI: http://dx.doi.org/10.1038/srep39979
2018-02-20T23:51:19.789732: Downloading DOI: http://dx.doi.org/10.1038/nature12877
2018-02-20T23:51:25.463365: Downloading DOI: http://dx.doi.org/10.1038/nature17423
2018-02-20T23:51:31.692482: Downloading DOI: http://dx.doi.org/10.1038/ngeo2577
2018-02-20T23:51:37.382661: Downloading DOI: http://dx.doi.org/10.1038/sdata.2016.47
2018-02-20T23:51:43.188250: Downloading DOI: http://dx.doi.org/10.1038/nature14401
2018-02-20T23:51:48.367872: Downloading DOI: http://dx.doi.org/10.1038/nclimate1292
2018-02-20T23:51:52.565857: Downloading DOI: http://dx.doi.org/10.1038/nature04800
2018-02-20T23:51:57.130838: Downloading DOI: http://dx.doi.org/10.1038/s41559-016-0008
2018-02-20T23:52:01.177414: Downloading DOI: http://dx.doi.org/10.1038/nature05163
2018-02-20T23:52:05.503211: Downloading DOI: http://dx.doi.org/10.1038/034239e0
2018-02-20T23:52:10.101174: Downloading DOI: http://dx.doi.org/10.1038/517445a
2018-02-20T23:52:13.614669: Downloading DOI: http://dx.doi.org/10.1038/486020a
2018-02-20T23:52:17.609840: Downloading DOI: http://dx.doi.org/10.1038/111561a0
2018-02-20T23:52:21.758186: Downloading DOI: http://dx.doi.org/10.1038/nclimate2878
2018-02-20T23:52:26.471763: Downloading DOI: http://dx.doi.org/10.1038/nclimate1932
2018-02-20T23:52:31.110425: Downloading DOI: http://dx.doi.org/10.1038/548531a
2018-02-20T23:52:36.738021: Record index: 439
2018-02-20T23:52:37.978734: Downloading DOI: http://dx.doi.org/10.1038/scientificamerican0102-61
2018-02-20T23:52:40.995297: Detected error, deleting..
2018-02-20T23:52:40.995712: Downloading DOI: http://dx.doi.org/10.1038/ngeo1797
2018-02-20T23:52:45.560534: Downloading DOI: http://dx.doi.org/10.1038/scientificamerican0190-48
2018-02-20T23:52:48.120514: Detected error, deleting..
2018-02-20T23:52:48.121145: Downloading DOI: http://dx.doi.org/10.1038/529162a
2018-02-20T23:52:52.194299: Downloading DOI: http://dx.doi.org/10.1038/504221a
2018-02-20T23:52:56.468590: Downloading DOI: http://dx.doi.org/10.1038/358397a0
2018-02-20T23:53:01.137279: Downloading DOI: http://dx.doi.org/10.1038/277354a0
2018-02-20T23:53:05.839890: Downloading DOI: http://dx.doi.org/10.1038/nature06961
2018-02-20T23:53:10.423532: Downloading DOI: http://dx.doi.org/10.1038/scientificamerican0806-72
2018-02-20T23:53:13.688892: Detected error, deleting..
2018-02-20T23:53:13.689346: Downloading DOI: http://dx.doi.org/10.1038/456047a
2018-02-20T23:53:17.927020: Downloading DOI: http://dx.doi.org/10.1038/ngeo2996
2018-02-20T23:53:24.132977: Downloading DOI: http://dx.doi.org/10.1038/nature18591
2018-02-20T23:53:29.395308: Downloading DOI: http://dx.doi.org/10.1038/srep45257
2018-02-20T23:53:34.126289: Downloading DOI: http://dx.doi.org/10.1038/scientificamerican0178-34
2018-02-20T23:53:36.904308: Detected error, deleting..
2018-02-20T23:53:36.904725: Downloading DOI: http://dx.doi.org/10.1038/scientificamerican0788-72
2018-02-20T23:53:39.462244: Detected error, deleting..
2018-02-20T23:53:39.462730: Downloading DOI: http://dx.doi.org/10.1038/35059192
2018-02-20T23:53:43.423945: Downloading DOI: http://dx.doi.org/10.1038/24711
2018-02-20T23:53:47.560077: Downloading DOI: http://dx.doi.org/10.1038/scientificamerican0753-40
2018-02-20T23:53:50.672841: Detected error, deleting..
2018-02-20T23:53:50.673224: Downloading DOI: http://dx.doi.org/10.1038/520420a
2018-02-20T23:53:54.409733: Downloading DOI: http://dx.doi.org/10.1038/nrmicro3262
2018-02-20T23:53:59.642658: Downloading DOI: http://dx.doi.org/10.1038/281188a0
2018-02-20T23:54:04.128938: Downloading DOI: http://dx.doi.org/10.1038/35053170
2018-02-20T23:54:08.241025: Downloading DOI: http://dx.doi.org/10.1038/nature06595
2018-02-20T23:54:13.743495: Downloading DOI: http://dx.doi.org/10.1038/scientificamerican1007-69
2018-02-20T23:54:17.873758: Detected error, deleting..
2018-02-20T23:54:17.874359: Downloading DOI: http://dx.doi.org/10.1038/519131a
2018-02-20T23:54:21.500740: Record index: 464
2018-02-20T23:54:23.684006: Downloading DOI: http://dx.doi.org/10.1038/jes.2016.81
2018-02-20T23:54:29.960360: Downloading DOI: http://dx.doi.org/10.1038/nclimate1456
2018-02-20T23:54:35.678494: Downloading DOI: http://dx.doi.org/10.1038/nclimate1301
2018-02-20T23:54:41.435178: Downloading DOI: http://dx.doi.org/10.1038/srep28785
2018-02-20T23:54:44.414337: Downloading DOI: http://dx.doi.org/10.1038/ncomms12608
2018-02-20T23:54:48.822347: Downloading DOI: http://dx.doi.org/10.1038/nclimate2934
2018-02-20T23:54:53.075212: Downloading DOI: http://dx.doi.org/10.1038/nclimate2649
2018-02-20T23:54:59.924329: Downloading DOI: http://dx.doi.org/10.1038/040485a0
2018-02-20T23:55:03.958190: Downloading DOI: http://dx.doi.org/10.1038/nature23646
2018-02-20T23:55:10.504626: Downloading DOI: http://dx.doi.org/10.1038/050289a0
2018-02-20T23:55:15.054550: Downloading DOI: http://dx.doi.org/10.1038/scientificamerican1048-40
2018-02-20T23:55:17.425338: Detected error, deleting..
2018-02-20T23:55:17.425465: Downloading DOI: http://dx.doi.org/10.1038/nclimate1491
2018-02-20T23:55:22.628300: Downloading DOI: http://dx.doi.org/10.1038/nclimate2428
2018-02-20T23:55:26.893426: Downloading DOI: http://dx.doi.org/10.1038/nclimate2450
2018-02-20T23:55:31.398971: Downloading DOI: http://dx.doi.org/10.1038/nature12829
2018-02-20T23:55:36.582877: Downloading DOI: http://dx.doi.org/10.1038/nclimate3297
2018-02-20T23:55:41.042757: Downloading DOI: http://dx.doi.org/10.1038/srep43909
2018-02-20T23:55:45.622290: Downloading DOI: http://dx.doi.org/10.1038/nclimate3278
2018-02-20T23:55:50.521268: Downloading DOI: http://dx.doi.org/10.1038/094040a0
2018-02-20T23:55:55.465434: Downloading DOI: http://dx.doi.org/10.1038/nature16986
2018-02-20T23:56:00.098214: Downloading DOI: http://dx.doi.org/10.1038/climate.2008.64
2018-02-20T23:56:05.125236: Downloading DOI: http://dx.doi.org/10.1038/nclimate2998
2018-02-20T23:56:09.653036: Downloading DOI: http://dx.doi.org/10.1038/nature13592
2018-02-20T23:56:19.152060: Downloading DOI: http://dx.doi.org/10.1038/nclimate3071
2018-02-20T23:56:29.854569: Downloading DOI: http://dx.doi.org/10.1038/nclimate3418
2018-02-20T23:56:36.183207: Record index: 489
2018-02-20T23:56:37.375695: Downloading DOI: http://dx.doi.org/10.1038/nrmicro2439
2018-02-20T23:56:43.625491: Downloading DOI: http://dx.doi.org/10.1038/nature13837
2018-02-20T23:56:47.676270: Downloading DOI: http://dx.doi.org/10.1038/climate.2010.128
2018-02-20T23:56:53.011021: Downloading DOI: http://dx.doi.org/10.1038/climate.2008.61
2018-02-20T23:56:58.723436: Downloading DOI: http://dx.doi.org/10.1038/083050a0
2018-02-20T23:57:03.473183: Downloading DOI: http://dx.doi.org/10.1038/scientificamerican10071911-238supp
2018-02-20T23:57:07.044655: Detected error, deleting..
2018-02-20T23:57:07.045272: Downloading DOI: http://dx.doi.org/10.1038/climate.2008.71
2018-02-20T23:57:11.266755: Downloading DOI: http://dx.doi.org/10.1038/srep20719
2018-02-20T23:57:14.747777: Downloading DOI: http://dx.doi.org/10.1038/ngeo311
2018-02-20T23:57:19.403423: Downloading DOI: http://dx.doi.org/10.1038/srep28427
2018-02-20T23:57:23.745265: Downloading DOI: http://dx.doi.org/10.1038/nature25450
2018-02-20T23:57:26.470057: Downloading DOI: http://dx.doi.org/10.1038/srep46432
2018-02-20T23:57:31.237980: Downloading DOI: http://dx.doi.org/10.1038/nclimate2552
2018-02-20T23:57:35.998317: Downloading DOI: http://dx.doi.org/10.1038/srep06868
2018-02-20T23:57:40.113735: Downloading DOI: http://dx.doi.org/10.1038/nclimate1610
2018-02-20T23:57:43.605838: Downloading DOI: http://dx.doi.org/10.1038/nclimate1344
2018-02-20T23:57:47.936088: Downloading DOI: http://dx.doi.org/10.1038/nclimate2843
2018-02-20T23:57:52.249728: Downloading DOI: http://dx.doi.org/10.1038/ncomms2986
2018-02-20T23:57:56.865482: Downloading DOI: http://dx.doi.org/10.1038/srep32782
2018-02-20T23:58:00.123387: Downloading DOI: http://dx.doi.org/10.1038/nature11593
2018-02-20T23:58:04.011562: Downloading DOI: http://dx.doi.org/10.1038/srep42061
2018-02-20T23:58:09.903331: Downloading DOI: http://dx.doi.org/10.1038/20859
2018-02-20T23:58:15.806527: Downloading DOI: http://dx.doi.org/10.1038/nclimate1385
2018-02-20T23:58:21.355632: Downloading DOI: http://dx.doi.org/10.1038/ngeo2732
2018-02-20T23:58:26.284908: Downloading DOI: http://dx.doi.org/10.1038/nature22996
2018-02-20T23:58:32.827659: Record index: 514
2018-02-20T23:58:34.020635: Downloading DOI: http://dx.doi.org/10.1038/climate.2008.4
2018-02-20T23:58:38.163255: Downloading DOI: http://dx.doi.org/10.1038/scientificamericancosmos0917-104
2018-02-20T23:58:40.206144: Downloading DOI: http://dx.doi.org/10.1038/scientificamerican0115-32
2018-02-20T23:58:43.934592: Detected error, deleting..
2018-02-20T23:58:43.935343: Downloading DOI: http://dx.doi.org/10.1038/ngeo2372
2018-02-20T23:58:47.724851: Downloading DOI: http://dx.doi.org/10.1038/35091009
2018-02-20T23:58:53.221423: Downloading DOI: http://dx.doi.org/10.1038/nclimate1858
2018-02-20T23:58:56.373855: Downloading DOI: http://dx.doi.org/10.1038/ngeo342
2018-02-21T00:16:57.536552: Searching with keywords ['climate', 'earth'], starting at index 520
2018-02-21T00:16:58.767688: Found a total of 119890 records
2018-02-21T00:16:58.767708: Downloading DOI: http://dx.doi.org/10.1038/ngeo342
2018-02-21T00:17:02.725237: Downloading DOI: http://dx.doi.org/10.1038/338309a0
2018-02-21T00:17:06.793936: Downloading DOI: http://dx.doi.org/10.1038/ngeo473
2018-02-21T00:17:10.511681: Downloading DOI: http://dx.doi.org/10.1038/519167a
2018-02-21T00:17:14.317756: Downloading DOI: http://dx.doi.org/10.1038/nclimate2913
2018-02-21T00:17:20.139632: Downloading DOI: http://dx.doi.org/10.1038/nclimate2008
2018-02-21T00:17:24.962056: Downloading DOI: http://dx.doi.org/10.1038/4581091a
2018-02-21T00:17:28.821099: Detected error, deleting..
2018-02-21T00:17:28.821682: Downloading DOI: http://dx.doi.org/10.1038/climate.2008.122
2018-02-21T00:17:33.258684: Downloading DOI: http://dx.doi.org/10.1038/nature11786
2018-02-21T00:17:39.286429: Downloading DOI: http://dx.doi.org/10.1038/nature10311
2018-02-21T00:17:42.628252: Downloading DOI: http://dx.doi.org/10.1038/nature11037
2018-02-21T00:17:52.862913: Downloading DOI: http://dx.doi.org/10.1038/nature08930
2018-02-21T00:17:57.765684: Downloading DOI: http://dx.doi.org/10.1038/ngeo2093
2018-02-21T00:18:03.362024: Downloading DOI: http://dx.doi.org/10.1038/nclimate1903
2018-02-21T00:18:07.985938: Downloading DOI: http://dx.doi.org/10.1038/nclimate2347
2018-02-21T00:18:12.616084: Downloading DOI: http://dx.doi.org/10.1038/365026a0
2018-02-21T00:18:15.904271: Downloading DOI: http://dx.doi.org/10.1038/nclimate1827
2018-02-21T00:18:19.197467: Downloading DOI: http://dx.doi.org/10.1038/nclimate2614
2018-02-21T00:18:29.081812: Downloading DOI: http://dx.doi.org/10.1038/scientificamerican0890-84
2018-02-21T00:18:32.033080: Detected error, deleting..
2018-02-21T00:18:32.033561: Downloading DOI: http://dx.doi.org/10.1038/28741
2018-02-21T00:18:36.342734: Downloading DOI: http://dx.doi.org/10.1038/445582a
2018-02-21T00:18:40.000071: Downloading DOI: http://dx.doi.org/10.1038/531310a
2018-02-21T00:18:44.572792: Downloading DOI: http://dx.doi.org/10.1038/ngeo328
2018-02-21T00:18:50.012526: Downloading DOI: http://dx.doi.org/10.1038/453158a
2018-02-21T00:19:02.862678: Downloading DOI: http://dx.doi.org/10.1038/ngeo1282
2018-02-21T00:19:07.154584: Record index: 545
2018-02-21T00:19:08.387486: Downloading DOI: http://dx.doi.org/10.1038/ngeo1756
2018-02-21T00:19:13.619964: Downloading DOI: http://dx.doi.org/10.1038/ngeo2608
2018-02-21T00:19:19.026500: Downloading DOI: http://dx.doi.org/10.1038/nclimate3262
2018-02-21T00:19:24.031009: Downloading DOI: http://dx.doi.org/10.1038/s41559-016-0058
2018-02-21T00:19:27.863449: Downloading DOI: http://dx.doi.org/10.1038/climate.2009.87
2018-02-21T00:19:33.738211: Downloading DOI: http://dx.doi.org/10.1038/nature02049
2018-02-21T00:19:38.429597: Downloading DOI: http://dx.doi.org/10.1038/nature09313
2018-02-21T00:19:42.451814: Downloading DOI: http://dx.doi.org/10.1038/44266
2018-02-21T00:19:45.844515: Downloading DOI: http://dx.doi.org/10.1038/nclimate3036
2018-02-21T00:19:50.633942: Downloading DOI: http://dx.doi.org/10.1038/29695
2018-02-21T00:19:56.220545: Downloading DOI: http://dx.doi.org/10.1038/srep44228
2018-02-21T00:20:00.752747: Downloading DOI: http://dx.doi.org/10.1038/ncomms8958
2018-02-21T00:20:11.237223: Downloading DOI: http://dx.doi.org/10.1038/360573a0
2018-02-21T00:20:16.825032: Downloading DOI: http://dx.doi.org/10.1038/nature25152
2018-02-21T00:20:22.188962: Downloading DOI: http://dx.doi.org/10.1038/354382a0
2018-02-21T00:20:28.078057: Downloading DOI: http://dx.doi.org/10.1038/276339a0
2018-02-21T00:20:34.030424: Downloading DOI: http://dx.doi.org/10.1038/nclimate1951
2018-02-21T00:20:39.803688: Downloading DOI: http://dx.doi.org/10.1038/nphys1117
2018-02-21T00:20:44.762195: Downloading DOI: http://dx.doi.org/10.1038/369732a0
2018-02-21T00:20:48.780991: Downloading DOI: http://dx.doi.org/10.1038/nclimate3263
2018-02-21T00:20:55.417243: Downloading DOI: http://dx.doi.org/10.1038/nclimate3426
2018-02-21T00:21:00.252951: Downloading DOI: http://dx.doi.org/10.1038/ngeo1983
2018-02-21T00:21:03.841439: Downloading DOI: http://dx.doi.org/10.1038/srep24331
2018-02-21T00:21:08.134430: Downloading DOI: http://dx.doi.org/10.1038/20807
2018-02-21T00:21:12.493360: Downloading DOI: http://dx.doi.org/10.1038/news.2011.616
2018-02-21T00:21:15.298623: Detected error, deleting..
2018-02-21T00:21:15.299038: Record index: 570
2018-02-21T00:21:16.576010: Downloading DOI: http://dx.doi.org/10.1038/nclimate2167
2018-02-21T00:21:20.451875: Downloading DOI: http://dx.doi.org/10.1038/ngeo.2007.29
2018-02-21T00:21:26.796200: Downloading DOI: http://dx.doi.org/10.1038/nature11787
2018-02-21T00:21:31.409772: Downloading DOI: http://dx.doi.org/10.1038/nclimate1176
2018-02-21T00:21:35.885699: Downloading DOI: http://dx.doi.org/10.1038/nclimate2196
2018-02-21T00:21:39.007075: Downloading DOI: http://dx.doi.org/10.1038/nclimate1081
2018-02-21T00:21:48.489724: Downloading DOI: http://dx.doi.org/10.1038/s41559-016-0048
2018-02-21T00:21:52.476201: Downloading DOI: http://dx.doi.org/10.1038/nature09825
2018-02-21T00:21:57.334127: Downloading DOI: http://dx.doi.org/10.1038/288317a0
2018-02-21T00:22:01.344996: Downloading DOI: http://dx.doi.org/10.1038/nature.2011.9538
2018-02-21T00:22:04.970222: Downloading DOI: http://dx.doi.org/10.1038/532186a
2018-02-21T00:22:09.421763: Downloading DOI: http://dx.doi.org/10.1038/nature09268
2018-02-21T00:22:12.740851: Downloading DOI: http://dx.doi.org/10.1038/srep13055
2018-02-21T00:22:17.664193: Downloading DOI: http://dx.doi.org/10.1038/ngeo2931
2018-02-21T00:22:22.048302: Downloading DOI: http://dx.doi.org/10.1038/ngeo1047
2018-02-21T00:22:26.453132: Downloading DOI: http://dx.doi.org/10.1038/ngeo2452
2018-02-21T00:22:30.801526: Downloading DOI: http://dx.doi.org/10.1038/064493a0
2018-02-21T00:22:34.841865: Downloading DOI: http://dx.doi.org/10.1038/srep29962
2018-02-21T00:22:40.601828: Downloading DOI: http://dx.doi.org/10.1038/445607a
2018-02-21T00:22:43.790864: Downloading DOI: http://dx.doi.org/10.1038/546483a
2018-02-21T00:22:48.998975: Downloading DOI: http://dx.doi.org/10.1038/nature08447
2018-02-21T00:22:55.034497: Downloading DOI: http://dx.doi.org/10.1038/scientificamerican08031895-16327bsupp
2018-02-21T00:22:58.152964: Detected error, deleting..
2018-02-21T00:22:58.153079: Downloading DOI: http://dx.doi.org/10.1038/sdata.2015.50
2018-02-21T00:23:02.984812: Downloading DOI: http://dx.doi.org/10.1038/nj7141-228b
2018-02-21T00:23:06.003383: Downloading DOI: http://dx.doi.org/10.1038/512365a
2018-02-21T00:23:09.539224: Record index: 595
2018-02-21T00:23:10.929681: Downloading DOI: http://dx.doi.org/10.1038/ncomms7911
2018-02-21T00:23:15.207185: Downloading DOI: http://dx.doi.org/10.1038/462572a
2018-02-21T00:23:18.681277: Downloading DOI: http://dx.doi.org/10.1038/493173a
2018-02-21T00:23:29.585645: Downloading DOI: http://dx.doi.org/10.1038/srep34485
2018-02-21T00:23:34.555963: Downloading DOI: http://dx.doi.org/10.1038/nature02471
2018-02-21T00:23:39.048465: Downloading DOI: http://dx.doi.org/10.1038/276348a0
2018-02-21T00:23:44.819236: Downloading DOI: http://dx.doi.org/10.1038/300689a0
2018-02-21T00:23:49.720186: Downloading DOI: http://dx.doi.org/10.1038/4581112a
2018-02-21T00:23:53.919154: Downloading DOI: http://dx.doi.org/10.1038/378600a0
2018-02-21T00:23:58.393598: Downloading DOI: http://dx.doi.org/10.1038/ngeo634
2018-02-21T00:24:05.517646: Downloading DOI: http://dx.doi.org/10.1038/nclimate1691
2018-02-21T00:24:09.095882: Downloading DOI: http://dx.doi.org/10.1038/37876
2018-02-21T00:24:13.665181: Downloading DOI: http://dx.doi.org/10.1038/018668a0
2018-02-21T00:24:18.913793: Downloading DOI: http://dx.doi.org/10.1038/nclimate2533
2018-02-21T00:24:24.884525: Downloading DOI: http://dx.doi.org/10.1038/nature03874
2018-02-21T00:24:29.434768: Downloading DOI: http://dx.doi.org/10.1038/nclimate3056
2018-02-21T00:24:34.590487: Downloading DOI: http://dx.doi.org/10.1038/ncomms9502
2018-02-21T00:24:39.431889: Downloading DOI: http://dx.doi.org/10.1038/srep32396
2018-02-21T00:24:44.507176: Downloading DOI